StaAns r38 3 0
Mat1Mn r27 1 0
RetLogEn rB 0 0
FonInfAr rD 3 0
MecRazCn rE 0 0
EleIndEv rDS1 0 0
ComMecMn rB 1 0
FluMn rA 4 2
Mac1Mv rG 0 0
Mat1G2n rD 0 0
RetCal2Gns r36 0 1
IngConAn r27 0 1
Mat1G2n rB 0 1
Mat1Cn rD 0 1
LabEle2Ar rDS2 0 1
StaAns rG 0 1
DisCn rA 0 1
Mat1En rL 0 1
ArcComCv rE 2 0
LabEle1Ar r52 2 3
MecCom1Cv r27 0 2
RetCal1G1n rD 0 2
RivSpeCv rE 0 2
MecRazCn rL 3 2
RetLogEn rB 0 2
FonInfAr rL 4 1
ChiInd1Gv r50 0 2
StaPenAns rDS1 0 2
RivSpeCv rDS1 0 3
DisAssMv rDS2 0 3
FonMecG2n rB 0 3
EleSis1En rF 4 3
Mac1Mv rE 0 1
StrIndAn rF 0 3
CalProG2n rG 0 3
CalEle1Ev rD 0 3
ArcComCv r27 4 0
MecSuoAns r52 0 3
LabEle2Ar rDS2 0 0
StaAns r38 0 0
ArcTecCn r27 0 4
TeoRetEn rB 1 2
MecVibMn rD 0 4
ComMecMn rB 0 4
EleSis1En rF 0 4
TerAppG2n rA 0 4
GesAziGv rL 0 4
TerAppMv r27 3 3
LabEle1Ar r52 0 4
IdrAppCv r31 0 1
MecVibMn rE 1 0
GeoAppAns rDS1 4 2
ArcComCv rD 1 0
EleIndEv rE 3 0
Mat1Cn rF 1 0
LabEle2Ar r50 1 2
GesAziGv rA 1 0
Mat1En rL 1 0
LabEle1Ar r50 0 3
StoArcCv r38 2 0
LabEle3Ar r31 1 1
Mat1Mn r27 1 1
RetLogEn rB 1 1
Mat1G2n rD 1 1
CamEleAn r37 1 1
ComEleEn rF 1 1
Mat1En rG 1 1
FonMecG2n rA 1 1
OrgPro1Gv rL 1 1
CosZonCv r52 1 1
Idr2Cn rDS1 1 1
DisAssMv rDS2 1 1
LabEle3Ar r31 1 2
GeoAn rG 1 2
TeoRetEn rD 2 4
TecMatCn rE 1 3
ChiG2n rF 1 2
GesAziGv rA 1 2
EleIndEv rE 1 2
CamEleAn r37 1 2
TerAppMv r27 1 3
IdrAppCv rDS1 1 2
SisTel1Ens rDS2 1 2
StoArcCv r38 1 3
ChiStaEn rG 2 3
ChiInd1Gv r50 1 3
DisIndMn rF 1 3
CalEle1Ev rG 1 3
AppIndGns rA 1 3
DisEdiCn r31 2 3
Idr2Cn rDS1 3 0
StaPenAns rDS1 1 3
RivSpeCv rDS2 1 3
IdrAppCv r31 2 0
ChiInd1Gv r38 1 4
ChiStaEn rG 1 4
CosMacMn rE 1 4
RetCal1G1n rD 1 4
ChiGenAn rG 4 1
TecCos1Cv rA 1 4
TerAppMv rD 4 0
Mat1Mn r27 2 0
FonMecG2n rB 2 0
SisTel1Ens rDS2 3 3
MecCom1Cv r37 3 0
Mat1G2n rD 2 0
ConAutEn rG 2 2
GesAziGv rA 2 0
IdrNumAns r50 2 0
DisAssMv r50 4 0
EleIndEv rDS1 2 0
LabEle3Ar rDS2 2 0
StrIndAn r31 2 1
Mat1En r27 2 1
DisCn rB 2 1
RetCal1G1n rD 2 1
MecVibMn rE 3 4
Mat1Cn rF 2 1
IdrAppCv rG 2 1
LabEle2Ar r52 2 1
TecMec1Mn rL 2 1
CalAut1Cv r50 2 1
ArcTecCn rDS1 2 1
CamEle1Ev rF 3 2
ChiG2n rF 2 2
LabEle1Ar r50 2 2
TecMec1Mn rL 2 2
MecCom1Cv r27 2 2
LabEle2Ar r52 2 2
MecSuoAns rB 2 2
EleTel1Ens rDS1 2 2
ChiInd1Gv r38 2 3
EleTel1Ens rDS1 2 3
IngConAn rB 2 3
TerAppMv rD 2 3
CosMacMn rE 2 3
DisAssMv rA 2 3
CamEle1Ev rL 2 3
CalProG2n r50 2 3
CalAut1Cv r38 4 4
LabEle3Ar rDS1 1 0
LabEle2Ar rDS2 2 3
CamEleAn r37 2 4
ComMecMn rB 2 4
EleIndEv rE 2 4
TerAppMv rF 2 4
GeoAn rG 2 4
SisTel1Ens rA 2 4
GesAziGv rL 2 4
DisEdiCn r52 1 3
DisAssMv rDS2 2 4
Mat1G2n rB 3 0
CalAut1Cv r38 3 3
Mat1Mn r27 3 0
ChiGenAn rF 2 0
TecCos1Cv rF 0 0
TecCosAn r37 2 2
Mat1Cn rF 3 0
TerAppG2n rA 3 0
IdrNumAns r50 1 0
TecMec1Mn rL 3 0
MecVibMn rA 4 3
MetMatEn rE 2 1
ArcTecCns r36 3 1
TeoStr1Cv r27 3 1
Mat1En rB 3 1
AppIndGns rD 3 1
LabEle3Ar r31 3 1
ComEleEn rF 3 1
Mac1Mv rG 3 1
Mat1Cn rA 3 1
OrgPro1Gv rL 3 1
LabEle2Ar r50 3 1
TecCosAn r52 3 1
GeoAppAns rDS1 3 1
LabEle1Ar rDS2 3 1
ImpTec1Cv r27 3 2
MecSuoAns rB 1 4
Mat1Ar rD 3 2
FonChiAn r31 3 2
ChiG2n rF 0 2
IngConAn rG 3 2
CosMacMn rE 3 2
ArcTecCns r36 1 2
EleTel1Ens rDS1 3 2
PriIngAns rDS2 3 2
ArcTecCns r27 0 3
MetMatEn r52 0 2
MecVibMn rD 3 3
AppIndGns rE 1 1
ChiGenAn rF 3 3
ChiInd1Gv rG 3 3
TecCos1Cv rA 3 3
FonInfAr rD 1 3
RivSpeCv rDS1 3 3
FonChiAn r31 4 2
ArcTecCn r27 3 4
StoArcCv r38 3 4
TerAppG2n r27 1 4
FluMn rF 3 4
DisCn rG 3 4
CosZonCv r52 3 4
EleSis1En rF 0 1
IdrNumAns r50 0 4
LabEle3Ar rDS1 3 4
CalProG2n r50 3 4
IdrAppCv r31 4 0
LabEle1Ar rDS2 4 0
DisIndEsMn rB 3 3
LabEle3Ar rDS1 4 0
MecRazCn rE 4 0
RetCal2Gns rF 4 0
OrgPro1Gv rG 4 0
CamEle1Ev rA 4 0
TeoStr1Cv r37 4 0
TecCosAn r52 4 0
RetCal2Gns r36 4 1
FonChiAn r31 4 1
Mat1Mn r27 4 1
ComEleEn rB 4 1
ChiStaEn rD 4 1
DisEdiCn rE 4 1
ImpTec1Cv rF 4 1
TecMatCn rE 2 2
DisIndMn rA 4 1
StoArcCv r38 4 2
StaPenAns r50 4 1
CosZonCv r52 4 1
PriIngAns rDS2 4 1
TeoStr1Cv r37 0 3
ImpTec1Cv r27 4 2
ConAutEn rD 4 2
Mat1Ar rF 4 2
PriIngAns rDS2 2 2
FluMn rA 2 1
MetMatEn r52 4 2
RivSpeCv r36 4 3
StoArcCv r38 4 3
ConAutEn rB 1 3
CalEle1Ev rD 4 3
Idr2Cn rE 4 3
DisComEsG2n rF 2 3
Mac1Mv rG 4 3
GeoAppAns rDS1 4 3
LabEle1Ar rDS2 4 3
TeoRetEn rB 4 0
TecMatCn rE 4 4
Mat1Ar rF 1 4
StrIndAn rF 4 4
GeoAn rG 4 4
Mac1Mv rA 4 4
