c0006 rG 0 1
c0006 rD 4 1
c0006 rF 4 3
c0011 rN 0 0
c0011 rDS2 1 2
c0011 r25 4 1
c0018 r27 2 3
c0018 r27 3 2
c0018 r52 3 4
c0026 rD 0 3
c0026 rG 1 1
c0026 rA 4 0
c0027 rF 1 3
c0027 rL 2 2
c0027 rDS2 3 0
c0046 rG 0 3
c0046 r50 2 1
c0046 r51 3 1
c0050 r50 0 1
c0050 rD 0 2
c0050 rDS1 1 1
c0051 rB 0 1
c0051 rL 2 0
c0051 rB 2 2
c0059 rL 0 4
c0059 rB 2 3
c0059 rG 2 4
c0064 r51 2 2
c0064 rF 2 3
c0064 rG 3 3
c0073 r51 1 0
c0073 rF 2 0
c0073 rDS1 3 4
c0080 r37 2 4
c0080 r37 4 0
c0080 r52 4 2
c0085 rF 1 0
c0085 rA 3 1
c0085 rDS1 3 2
c0091 r36 0 2
c0091 r36 1 2
c0091 r36 3 3
c0097 rF 2 2
c0097 rA 3 3
c0097 rD 3 4
c0099 rL 3 0
c0099 rG 3 1
c0099 rD 4 3
c0101 rL 0 1
c0101 rD 0 4
c0101 rD 2 3
c0105 rA 0 4
c0105 rF 1 1
c0105 rA 1 4
c0109 rA 2 0
c0109 rG 3 0
c0109 rA 4 2
c0128 rA 0 3
c0128 rA 1 3
c0128 rA 4 3
c0137 rD 1 1
c0137 rB 2 4
c0137 rB 3 4
c0142 rB 3 0
c0142 rG 3 2
c0142 rB 4 4
c0143 rA 0 0
c0143 rA 1 0
c0143 rD 3 3
c0154 rG 0 2
c0154 rL 4 1
c0154 rB 4 3
c0180 rD 1 2
c0180 rG 1 4
c0180 rL 2 4
c0184 rB 0 2
c0184 rL 0 3
c0184 rA 1 2
c0185 rB 1 0
c0185 rD 2 1
c0185 rD 3 0
c0600 r38 0 2
c0600 rDS2 4 2
c0600 r31 4 3
c0718 rN 0 2
c0718 rDS2 0 4
c0718 rN 2 1
c0724 r50 1 1
c0724 r51 2 4
c0724 rA 3 2
c0793 r36 0 0
c0793 r36 0 1
c0793 rN 3 4
c0803 rN 2 3
c0803 r25 3 4
c0803 r51 4 1
c0806 r51 0 3
c0806 r31 1 3
c0806 r38 3 3
c0816 r27 1 2
c0816 rDS2 3 3
c0816 r27 4 0
c0820 rL 1 3
c0820 r31 2 0
c0820 r36 3 1
c0821 rF 0 3
c0821 r38 1 2
c0821 r31 2 2
c0823 r37 2 1
c0823 r50 2 0
c0823 r50 3 4
c0824 r31 0 0
c0824 r31 0 1
c0824 rL 4 3
c0826 r52 0 4
c0826 r37 3 1
c0826 r50 3 2
c0189 rL 0 2
c0189 rL 3 2
c0189 rB 4 0
c0199 r51 0 0
c0199 rL 2 3
c0199 rF 3 0
c0200 r51 3 3
c0200 rL 3 4
c0200 r51 4 3
c0202 rG 0 0
c0202 rA 2 2
c0202 rD 2 4
c0212 rD 0 0
c0212 rF 2 1
c0212 rG 4 0
c0216 rA 2 4
c0216 rG 3 4
c0216 rG 4 4
c0220 rD 0 1
c0220 rA 4 1
c0220 rL 4 4
c0228 rA 0 2
c0228 rF 1 2
c0228 rF 3 2
c0231 r51 0 4
c0231 rB 1 4
c0231 rB 0 3
c0243 rDS1 0 4
c0243 r50 1 3
c0243 r50 1 4
c0247 rDS1 2 1
c0247 r52 3 2
c0247 rG 4 3
c0261 rG 0 4
c0261 rL 1 4
c0261 rL 4 0
c0281 r51 1 1
c0281 rD 1 3
c0281 rF 3 3
c0417 rDS1 0 2
c0417 r37 3 2
c0417 rDS1 4 4
c0422 r25 0 3
c0422 rN 1 1
c0422 r25 4 2
c0427 rG 2 2
c0427 rG 2 3
c0427 rDS1 3 0
c0429 rA 0 1
c0429 rG 1 3
c0429 rB 2 0
c0433 r36 1 3
c0433 rF 3 1
c0433 r50 3 3
c0439 rB 1 1
c0439 rDS1 2 0
c0439 r50 4 0
c0440 r37 3 0
c0440 rDS1 4 3
c0440 r31 4 4
c0442 r51 1 2
c0442 rD 2 2
c0442 r50 2 3
c0446 rN 1 2
c0446 r31 3 4
c0446 rN 4 4
c1009 rD 1 4
c1009 rF 3 4
c1009 rF 4 1
c1013 rF 0 2
c1013 rB 1 2
c1013 rF 4 2
c1020 r50 1 0
c1020 rG 2 1
c1020 rDS2 3 1
c1023 r31 0 3
c1023 rDS2 1 3
c1023 r31 2 3
c1027 rDS2 0 1
c1027 r31 0 2
c1027 rDS2 2 0
c1027 rDS2 3 4
c1027 rDS2 4 1
c1028 r27 0 3
c1028 rDS1 1 3
c1028 r31 3 3
c1031 rDS2 0 2
c1031 rDS1 0 3
c1031 rDS2 2 3
c1031 rDS1 4 1
c1031 r51 4 4
c1032 r52 1 3
c1032 r25 3 3
c1032 r52 4 3
c1033 r52 0 0
c1033 rDS2 1 0
c1033 r52 1 1
c1033 r51 4 0
c1033 r52 4 1
c1034 rDS2 0 3
c1034 r27 1 3
c1034 rDS2 4 3
c1042 r37 1 3
c1042 r38 2 3
c1042 r38 3 0
c0450 rL 1 0
c0450 rB 2 1
c0450 r51 3 0
c0452 rDS2 1 1
c0452 rG 1 2
c0452 r50 3 1
c0462 rL 1 2
c0462 r27 3 3
c0462 rL 2 1
c0463 r51 0 1
c0463 r51 0 2
c0463 rF 4 4
c0474 r51 2 3
c0474 rL 3 1
c0474 rD 3 2
c0484 rDS2 1 4
c0484 r27 2 0
c0484 rDS1 3 3
c0489 rN 1 0
c0489 rDS1 2 4
c0489 rN 3 0
c0495 r25 0 0
c0495 r36 2 2
c0495 r50 4 3
c0513 rDS1 2 3
c0513 rDS1 3 1
c0513 r51 4 2
c0516 rDS1 0 0
c0516 r36 0 3
c0516 r27 3 0
c0519 rB 3 3
c0519 r51 3 4
c0521 r52 2 4
c0521 rB 4 1
c0521 rL 4 2
c0524 r50 1 2
c0524 r50 3 0
c0524 rDS2 3 2
c0533 rB 0 4
c0533 r27 1 4
c0533 r25 2 2
c0536 r37 1 1
c0536 r52 2 1
c0536 rDS1 2 2
c0830 r38 1 4
c0830 r37 4 3
c0830 r38 2 4
c0836 rA 3 4
c0836 r50 4 1
c0836 rD 4 2
c0840 rF 1 4
c0840 rA 2 3
c0840 rL 3 3
c0846 rL 0 0
c0846 rF 2 4
c0846 rG 4 1
c0852 rA 2 1
c0852 rD 1 0
c0852 rD 3 1
c0855 rF 0 1
c0855 rN 0 4
c0855 rB 1 3
c0855 rG 2 0
c0855 rF 4 0
c0855 r36 4 3
c0855 rG 4 2
c0881 rF 0 4
c0881 rA 1 1
c0881 rD 2 0
c0896 rF 0 0
c0896 rL 1 1
c0896 rB 3 1
c0898 rN 0 1
c0898 r52 2 3
c0898 rD 4 0
c0935 rB 0 0
c0935 r50 0 3
c0935 rN 1 3
c0935 r25 2 1
c0935 r31 3 2
c0949 r37 0 0
c0949 r27 0 2
c0949 r36 2 3
c0949 r52 3 1
c0949 r36 2 4
c0949 r37 1 0
c0949 r27 4 2
c0951 r25 0 1
c0951 r36 1 0
c0951 r25 1 2
c0951 r27 2 1
c0951 r27 2 2
c0951 r27 3 1
c0951 r36 4 2
c0957 r27 0 4
c0957 r27 1 0
c0957 r51 2 0
c0957 rDS2 2 1
c0957 r31 3 0
c0957 r31 4 0
c0957 r27 4 4
c0959 rDS1 0 1
c0959 r50 0 4
c0959 r31 1 0
c0959 r52 2 0
c0959 r51 2 1
c0959 r50 2 4
c0959 rDS1 4 0
c0961 r52 0 3
c0961 r52 1 0
c0961 r31 1 2
c0961 r37 2 3
c0961 rDS2 2 2
c0961 r31 4 2
c0961 r52 4 4
c0965 r27 0 1
c0965 r37 0 2
c0965 r52 1 4
c0965 r25 2 3
c0965 r27 2 4
c0965 r52 3 3
c0965 r37 1 2
c1057 r25 0 2
c1057 rDS1 1 0
c1057 r38 4 3
c1058 rDS1 1 2
c1058 r51 1 3
c1058 rB 3 2
c1067 rG 1 0
c1067 r31 4 1
c1067 r52 3 0
c1068 r38 1 3
c1068 r38 2 1
c1068 r38 2 2
c1089 r50 0 0
c1089 r50 0 2
c1089 rDS1 1 4
c1089 r50 2 2
c1089 rDS2 4 0
