c0127 rA 3 0
c1001 r31 0 0
c0133 rB 0 0
c0746 rF 3 0
c0515 rF 0 0
c0152 rG 0 0
c0430 r38 0 0
c0195 rL 0 0
c0835 r50 2 4
c0932 r52 0 0
c0074 rD 1 3
c0723 r25 0 1
c0835 r31 1 1
c0418 r31 0 1
c0464 r51 2 1
c0430 r27 1 1
c0131 rB 0 1
c0201 rD 0 1
c0225 rG 0 1
c0455 r50 0 1
c0897 rA 0 1
c0058 r51 4 1
c0127 rDS1 0 1
c0069 rDS2 0 1
c0497 rN 2 2
c0822 r25 0 2
c0975 r50 1 2
c0955 r38 0 2
c0019 r31 1 2
c0530 r50 4 3
c0058 r51 0 2
c0883 rB 0 2
c0279 rD 0 2
c0074 rF 0 2
c0044 rG 0 2
c0497 rA 0 2
c0213 rL 0 2
c0897 r25 3 2
c0432 r52 0 2
c0127 rDS1 0 2
c0539 rDS2 0 2
c0537 r51 2 2
c0807 rN 0 3
c0535 r38 0 3
c0095 r27 0 3
c0191 r51 0 3
c0044 rF 3 3
c0211 rD 0 3
c088a rF 0 3
c0963 rG 0 3
c0219 rA 0 3
c0467 r36 2 3
c0009 r52 1 0
c0975 r50 3 3
c0883 rDS2 0 3
c0428 r37 0 3
c0467 r25 0 4
c0804 r36 0 4
c0449 r36 0 3
c0537 r38 0 4
c0983 r27 1 4
c0056 r51 0 4
c0746 rB 0 4
c0211 rG 2 4
c0512 rDS2 0 4
c088a rG 0 4
c0133 rA 0 4
c0110 rL 0 4
c0789 r50 0 4
c0554 r37 0 4
c0955 rDS1 0 4
c0095 rDS2 1 0
c0812 r36 1 0
c0444 r38 1 0
c0808 r31 1 0
c0983 r27 1 0
c0049 r51 1 0
c1001 rB 1 0
c0737 rD 1 0
c088a r27 2 0
c0113 rG 1 0
c0115 rA 1 0
c0132 rL 1 0
c1022 r50 1 0
c0512 rDS1 1 0
c0213 rB 4 1
c1053 r25 2 1
c0554 r37 1 1
c0980 r38 1 1
c0795 r37 4 1
c0056 r51 1 1
c0062 rB 1 1
c0478 rD 1 1
c0023 rF 1 1
c0152 rG 1 1
c0515 rA 1 1
c088a rL 1 1
c0520 r52 1 1
c0963 rDS1 1 1
c0535 rN 1 1
c0730 r25 1 2
c0897 r36 1 2
c0807 r37 2 4
c0119 r38 1 2
c0024 r31 4 2
c0108 r27 1 2
c0955 r51 1 2
c0537 rB 1 2
c0883 rD 1 2
c0206 rF 1 2
c0252 rG 1 2
c0203 rA 1 2
c0785 rL 1 2
c0118 r52 4 0
c0980 r52 1 2
c0742 rDS1 1 2
c0412 rDS2 1 2
c0936 r25 1 3
c0020 rDS1 4 1
c0069 r37 1 2
c0883 r38 1 3
c0232 r31 1 3
c1053 r27 1 3
c0503 r51 1 3
c0115 rL 0 3
c0047 rG 3 3
c0110 rF 1 3
c0257 rG 1 3
c0213 rA 1 3
c0076 rL 1 3
c0795 r50 1 3
c0449 rDS1 1 3
c0822 rN 1 3
c0526 r25 1 4
c0024 r31 1 4
c0423 rD 0 4
c1053 r38 1 4
c0047 r51 1 4
c0193 rB 1 4
c0106 rD 1 4
c0221 rF 1 4
c0742 r27 0 4
c0153 rA 1 4
c0103 rL 1 4
c0602 r50 1 4
c0238 rG 1 4
c0007 rN 1 4
c0418 r31 3 0
c0794 r36 4 0
c0206 rDS1 2 0
c0019 r25 4 0
c0423 r38 4 0
c0279 rB 2 0
c0103 rD 2 0
c0230 rF 2 0
c0515 rG 2 0
c0132 rA 2 0
c0252 rL 2 0
c0504 r37 1 0
c0049 r51 2 0
c0118 r50 1 1
c0534 rN 2 0
c0504 r50 2 1
c1001 r31 2 1
c0444 r27 2 1
c0464 rB 0 3
c0515 rB 2 1
c0191 rD 2 1
c0023 rF 2 1
c0443 r37 2 1
c0049 rA 2 1
c0133 rL 2 1
c0955 r52 2 3
c0253 rDS1 2 1
c0602 rDS2 2 1
c0503 r25 2 2
c0730 r36 2 2
c0095 r37 2 2
c0883 r38 2 2
c0412 r31 4 3
c0020 r27 2 2
c0432 rN 1 2
c0113 rB 2 2
c0257 rD 2 2
c0794 rF 2 2
c0129 rG 2 2
c0217 rA 2 2
c0221 rL 2 2
c0530 r27 0 1
c0062 rDS1 2 2
c0963 rDS2 2 2
c0804 r36 0 2
c0538 r31 0 3
c0883 r38 0 1
c0411 r31 2 3
c0983 r27 2 3
c0219 r51 2 3
c0019 rB 2 3
c0074 rD 2 3
c0072 rF 2 3
c0225 rG 2 3
c0503 r25 3 3
c0106 rL 2 3
c0980 r52 0 3
c0963 rDS1 2 3
c0423 r37 2 3
c0975 rN 2 3
c0602 rA 0 0
c0479 rDS2 2 4
c0526 r51 2 4
c0129 rB 2 4
c0193 rD 2 4
c0062 rF 2 4
c0058 rG 2 1
c0044 rA 2 4
c0432 r52 2 4
c0418 r31 2 4
c0539 rDS2 1 4
c0963 rDS1 2 4
c0883 rDS2 3 3
c0822 rN 2 4
c0007 rN 3 0
c0804 r36 1 1
c0975 r37 3 0
c0430 r38 3 0
c0955 r27 3 0
c0219 r51 3 0
c0221 rB 3 0
c0742 rDS1 3 0
c0538 r31 4 0
c0153 rG 3 0
c0443 r37 4 0
c0257 rL 3 0
c015a r25 2 4
c0723 r25 3 0
c0983 rDS2 3 0
c0795 r50 3 0
c0076 r36 3 1
c0737 r31 3 1
c0998 r27 3 1
c0253 r51 3 1
c0443 r37 3 1
c0191 rD 3 1
c0023 rF 3 1
c0152 rG 3 1
c0132 rA 3 1
c0203 rL 3 1
c0020 rDS1 3 1
c0512 rDS2 3 1
c0504 r50 3 1
c0119 r36 3 2
c0975 r37 3 2
c1022 r38 3 2
c0056 r31 3 2
c0983 r27 3 2
c0118 r51 3 2
c0113 rB 3 2
c0532 rD 3 2
c0203 rF 3 2
c0411 rG 3 2
c0936 rA 3 2
c0061 rL 3 2
c0487 r50 3 2
c0980 r52 3 2
c0108 rDS1 3 2
c0479 rDS2 3 2
c0534 rN 3 2
c0808 r25 2 3
c0530 r27 3 3
c0024 r38 3 3
c0980 r31 3 3
c0108 rA 2 3
c0794 r51 3 3
c0230 rB 3 3
c0072 rD 3 3
c0131 rB 1 3
c0253 rF 4 1
c0103 rA 3 3
c0106 rL 3 3
c0411 r52 3 3
c0534 rDS2 1 3
c0497 rN 3 3
c0532 r31 2 0
c0539 rDS2 3 4
c0538 r37 3 4
c0808 r38 4 4
c0412 r31 3 4
c0232 r51 3 4
c0131 rB 3 4
c0455 rD 3 4
c015a rF 3 4
c0487 rG 3 4
c0153 rA 3 4
c0072 rL 3 4
c0998 r27 2 4
c0449 rDS1 3 4
c0975 rN 4 0
c0479 rDS2 4 0
c0428 r25 1 0
c0812 r25 2 0
c0225 r51 4 0
c0217 rD 0 0
c0252 rD 4 0
c0211 rF 4 0
c0279 rB 4 0
c0785 rL 4 0
c0195 rF 1 0
c0980 r50 4 0
c0789 r52 2 0
c0069 rDS1 4 0
c0206 rF 0 1
c0238 rL 0 1
c0980 r38 4 1
c0232 r31 4 1
c0983 r27 4 1
c0730 r25 4 1
c0520 r52 3 1
c0193 rD 4 1
c0076 rL 4 1
c0201 rG 4 1
c0998 rA 4 1
c0812 r25 3 1
c0455 r50 4 1
c0955 r52 4 1
c0963 rDS1 3 3
c0009 rDS2 4 1
c0535 rN 4 1
c0812 r36 4 2
c0554 r37 4 2
c0955 r38 4 2
c0789 r52 4 2
c1022 r27 4 2
c0737 r51 4 2
c0119 rB 4 2
c0932 rD 4 2
c0047 rF 4 2
c0785 rG 4 2
c0061 rA 4 2
c0230 rL 4 2
c0975 r50 4 2
c0983 rDS1 4 2
c0526 rDS2 4 2
c0467 r36 4 3
c0428 r37 2 0
c0007 r38 4 3
c0936 rA 4 3
c0110 rB 4 3
c0932 r52 1 3
c0129 rF 4 3
c0195 rG 4 3
c0478 r51 4 3
c0217 rL 4 3
c0723 r25 4 3
c0520 rDS1 4 3
c0812 rDS2 4 3
c0807 rN 4 3
c0009 r52 3 4
c0444 r37 0 1
c0238 rDS1 4 4
c0963 r27 4 4
c0478 r51 4 4
c088b rB 4 4
c0201 rD 4 4
c0061 rDS1 0 3
c0746 rG 4 4
c0115 rA 4 4
c0835 rL 4 4
c0487 r52 4 3
c0464 rD 3 0
c0532 rDS2 4 4
