c0638 rL 0 0
c0044 r38 0 0
c0095 rDS2 0 0
c0080 r36 0 0
c0307 rF 0 0
c0252 rB 0 0
c0336 rE 0 0
c0295 r52 0 0
c0178 r37 0 0
c0313 rA 0 0
c0007 rDS1 0 0
c0219 r50 0 0
c0155 r27 0 0
c0238 rG 0 0
c0074 rF 0 1
c0044 r50 0 1
c0230 r36 0 1
c0307 r31 0 1
c0311 r38 0 1
c0015 r27 0 1
c0131 rL 0 1
c0095 rDS1 0 1
c0386 rA 0 1
c0238 r37 0 1
c0088 rG 0 1
c0336 rD 0 1
c0346 rB 0 1
c0156 rD 0 2
c0155 rG 0 2
c0336 r52 0 2
c0074 r50 0 2
c0111 rA 0 2
c0386 rL 0 2
c0307 r36 0 2
c0058 rB 0 2
c0346 r31 0 2
c0311 r38 0 2
c0088 rDS1 0 2
c0157 r37 0 2
c0633 r31 0 3
c0009 r50 0 3
c0480 rE 0 3
c0015 rG 0 3
c0219 r27 0 3
c0157 rA 0 3
c0322 r36 0 3
c0155 r52 0 3
c0315 rDS1 0 3
c0638 rL 0 3
c0119 rB 0 3
c0470 r38 0 3
c0110 rD 0 3
c0266 rF 0 3
c0368 r27 0 4
c0088 rF 0 4
c0266 rL 0 4
c0129 rA 0 4
c0602 r36 0 4
c0230 r50 0 4
c0110 rE 0 4
c0074 rDS1 0 4
c0366 rG 0 4
c0337 rDS2 0 4
c0304 r37 0 4
c0313 rA 1 1
c0304 rDS2 1 1
c0337 r52 1 0
c0314 r36 1 0
c0095 rDS2 1 0
c0152 rE 1 0
c0323 r37 1 0
c0023 r31 1 0
c0178 rD 1 0
c0638 rL 1 0
c0238 rA 1 0
c0298 r38 1 0
c0115 rG 1 0
c0044 r50 1 0
c0252 rF 1 0
c0366 r50 1 1
c0115 rE 1 1
c0297 rD 1 1
c0019 r37 1 1
c0056 r38 1 1
c0054 rB 1 1
c0206 r27 1 1
c0127 rDS1 1 1
c0327 rG 1 1
c0211 r31 1 1
c0201 r52 1 1
c0311 rDS1 1 0
c0156 r36 1 1
c0322 rL 1 1
c0602 rF 1 1
c0315 rD 1 2
c0201 rDS2 1 2
c0366 r37 1 2
c0323 r38 1 2
c0080 r36 1 2
c0054 r50 1 2
c0633 r38 0 5
c0156 r31 1 2
c0195 r52 1 2
c0368 rL 1 2
c0115 rE 1 2
c0323 r27 1 3
c0217 r38 1 3
c0455 r31 1 3
c0316 r50 1 3
c0298 rF 1 3
c0368 rG 1 3
c0113 r52 1 3
c0007 rB 1 3
c0297 rDS2 1 3
c0054 rA 1 3
c0559 rD 1 3
c0322 r36 1 3
c0193 r37 1 3
c0157 rE 1 3
c0295 rL 1 3
c0103 rDS2 1 4
c0455 rB 1 4
c0633 rF 1 4
c0076 rE 1 4
c0288 r50 1 4
c0155 r37 1 4
c0020 rDS1 1 4
c0157 rA 1 4
c0346 rG 1 4
c0023 r52 1 4
c0322 r31 1 4
c0388 r27 2 0
c0113 r38 2 2
c0302 rDS1 1 3
c0213 rG 2 0
c0467 rD 2 0
c0314 rA 2 0
c0326 rB 2 0
c0379 rL 2 0
c0056 rDS2 2 0
c0206 rDS1 2 0
c0295 r52 2 0
c0266 r31 2 0
c0602 r50 2 0
c0480 r37 2 0
c0127 rF 2 0
c0155 r36 2 0
c0326 r36 2 1
c0288 r50 2 1
c0019 r27 2 1
c0156 rDS1 2 1
c0007 r37 2 1
c0298 r38 2 1
c0252 rDS2 2 1
c0213 rB 2 1
c0552 rA 2 1
c0108 r31 2 1
c0366 rE 2 1
c0069 r52 2 1
c0178 rF 2 1
c0076 rG 2 1
c0129 r27 2 2
c0391 rL 2 1
c0366 rA 2 2
c0195 rDS2 2 2
c0019 r36 2 2
c0186 rE 2 2
c0298 rB 2 2
c0302 rG 2 2
c0552 rDS1 2 2
c0058 rL 2 2
c0076 rD 2 2
c0467 rE 2 3
c0219 rD 2 3
c0379 r50 2 3
c0297 r52 2 3
c0295 rA 2 3
c0111 rDS1 2 3
c0346 r36 2 3
c0304 rDS2 2 3
c0298 rL 2 3
c0157 r31 2 3
c0020 r27 2 3
c0156 r37 2 3
c0326 rF 2 3
c0186 r31 2 4
c0297 rF 2 4
c0023 rG 2 4
c0316 r27 2 4
c0058 rE 2 4
c0119 rDS1 2 4
c0327 rL 2 4
c0337 r50 2 4
c0193 rB 2 4
c0152 r37 2 4
c0310 rD 2 4
c0213 rDS1 3 0
c0552 r52 2 4
c0056 r50 1 5
c0206 rF 3 0
c0386 rG 3 0
c0315 r31 3 0
c0152 r52 3 0
c0127 r37 3 0
c0327 r50 3 0
c0633 r36 3 0
c0080 r38 3 0
c0346 rL 3 0
c0103 rA 3 0
c0061 r37 3 1
c0638 rG 3 1
c0211 rL 3 1
c0391 rD 3 1
c0310 rA 3 1
c0069 r50 3 1
c0314 rF 3 1
c0559 rB 3 1
c0110 rE 3 1
c0217 r36 3 1
c0119 r38 3 1
c0157 r52 3 1
c0108 r27 3 1
c0455 rDS1 3 1
c0304 r27 3 2
c0295 rD 3 2
c0054 r50 3 2
c0009 r52 3 2
c0113 rDS2 3 2
c0129 r31 3 2
c0322 rF 3 2
c0302 rG 3 2
c0297 r38 3 2
c0195 rA 3 2
c0316 r37 3 2
c0186 rE 3 2
c0470 rB 3 3
c0054 rF 3 3
c0633 r27 3 3
c0061 rL 3 3
c0156 r38 3 3
c0559 rDS1 3 3
c0155 r36 3 3
c0020 rDS1 3 2
c0388 r31 3 3
c0230 rA 3 3
c0157 r52 3 3
c0131 rD 3 4
c0279 r38 3 4
c0307 rF 3 4
c0088 r31 3 4
c0388 r27 3 4
c0217 r52 3 4
c0066 rG 3 4
c0108 r27 4 1
c0069 r52 4 1
c0061 rDS1 4 0
c0288 r38 4 0
c0103 r52 4 0
c0279 rF 4 0
c0388 r27 4 0
c0155 rL 4 0
c0211 rB 4 0
c0088 rL 4 1
c0391 rDS2 4 1
c0304 rF 4 1
c0066 rG 4 1
c0388 r50 4 1
c0470 r36 4 1
c0279 rE 4 1
c0009 r31 4 0
c0066 r37 4 2
c0310 r50 4 2
c0015 r27 4 2
c0379 rB 4 2
c0467 r31 4 2
c0131 rDS1 4 2
c0307 r27 4 3
c0480 rG 4 3
c0193 r38 4 3
c0111 r31 4 3
c0201 rA 4 3
c0156 r37 4 3
c0313 rDS2 4 3
