c0951 r25 0 2
c1089 r34 0 0
c0961 rDS2 0 0
c0137 rB 0 4
c1031 rA 2 0
c0793 rF 0 0
c0051 rG 0 0
c0064 rA 0 0
c0429 rL 0 0
c0857 r50 4 3
c1033 r27 0 0
c0417 rEr2 0 0
c0463 rDS1 0 0
c0281 r51 0 0
c0839 r25 0 1
c0965 r36 1 3
c0231 r27 0 1
c0896 rB 0 1
c0189 rD 2 2
c0184 rF 0 1
c0101 rG 0 1
c1009 rL 0 1
c0830 rD 0 1
c0516 r37 0 3
c0462 r51 3 1
c0422 rEr2 0 1
c0852 rDS2 0 1
c0965 r38 0 2
c0026 r34 2 2
c0050 r51 0 2
c0228 rB 0 2
c0105 rD 0 2
c0059 rF 0 2
c1042 rG 0 2
c0450 rA 0 2
c0427 r50 0 2
c0519 r50 2 3
c0823 r36 1 2
c0154 rDS1 0 2
c0806 rDS2 0 2
c0840 rN 0 2
c0841 r25 0 3
c0961 rEr2 0 3
c0823 r36 2 2
c1089 r51 0 3
c0846 r34 0 3
c0105 rB 0 3
c0216 rD 0 3
c0128 rF 0 3
c0462 rG 0 3
c0519 rB 1 3
c1009 rL 0 3
c0247 r50 0 3
c0091 r36 1 4
c0513 rEr1 3 1
c0046 rDS1 0 3
c0091 r36 0 4
c0439 r36 3 4
c0965 r38 0 4
c0855 r51 0 4
c0513 r50 0 4
c0857 r34 0 4
c0184 rF 0 4
c0212 rG 0 4
c0180 rA 0 4
c0826 rL 0 4
c0027 rEr1 0 4
c1009 rDS1 0 4
c1031 rEr2 4 1
c0536 r37 3 2
c0073 r34 1 3
c0243 r51 1 0
c0185 rB 1 0
c0935 rD 1 0
c0101 rF 1 0
c0881 rG 1 0
c0085 rA 1 0
c0450 rL 1 0
c0080 r50 1 0
c1068 r25 4 0
c0027 rDS1 1 0
c1033 rEr2 1 0
c0852 rN 1 0
c0516 r37 4 1
c1089 rG 1 1
c0824 r34 1 1
c1032 rB 2 1
c0484 r51 1 1
c0216 rB 1 1
c0220 rD 1 1
c0935 rF 2 1
c0109 rD 3 1
c0261 rA 1 1
c0143 rB 1 2
c0011 r52 1 1
c0949 rEr1 1 1
c0417 rEr2 1 1
c0840 r25 1 1
c0816 rDS2 1 3
c0793 rN 1 1
c0533 r37 0 1
c0846 r34 2 3
c0949 r52 4 3
c0513 r51 1 2
c0484 r38 1 2
c0105 rD 1 2
c0085 rF 1 2
c0189 rG 1 2
c0261 rA 1 2
c1032 rF 4 2
c0462 r50 1 2
c0051 rDS1 1 2
c0848 r36 0 2
c0442 rN 1 2
c1032 rL 1 3
c0011 r52 0 3
c0846 r37 1 3
c0446 r38 1 1
c1068 r25 1 3
c0857 r51 1 3
c0046 rD 1 3
c1013 rF 1 3
c0199 rG 1 3
c0109 rA 1 3
c0105 rL 1 1
c0951 r52 1 3
c0513 rEr1 1 3
c0231 rEr2 1 3
c1042 rDS1 1 3
c0450 rN 1 3
c0006 r36 0 0
c0821 r38 3 3
c0600 r50 1 4
c0965 r27 1 4
c0951 r25 1 4
c0261 rB 1 4
c0848 rD 1 4
c0899 rF 1 4
c0026 rG 1 4
c0097 rA 1 4
c0439 rL 1 4
c0820 rEr1 1 4
c1034 rEr2 1 4
c0806 rDS2 1 1
c0536 rN 1 4
c0433 r36 2 0
c1033 r38 2 0
c1067 r34 1 0
c1057 r27 0 2
c0474 r51 2 0
c0143 rB 2 0
c0200 rD 2 0
c0896 rL 4 0
c0097 rG 2 0
c0429 rB 4 0
c0080 rL 2 0
c0855 r52 2 0
c0243 rEr2 2 0
c1027 rDS1 1 4
c1058 rDS2 2 0
c0839 r25 3 1
c1089 r25 2 1
c0841 r36 2 1
c0533 r37 4 3
c1067 r34 2 1
c0965 r27 2 1
c0949 r51 2 1
c0215 rA 4 1
c0154 rD 2 1
c0099 rDS1 4 1
c0220 rG 2 1
c0429 rA 2 1
c1027 rL 2 1
c0951 r52 2 1
c0821 r38 2 1
c0442 rEr2 2 1
c0199 rDS1 2 1
c0064 rDS2 2 1
c0830 rN 2 1
c0600 r51 2 2
c0215 rB 2 2
c1020 r27 1 3
c0427 rF 2 2
c0184 rG 2 2
c0200 rG 4 2
c0109 rL 2 2
c0951 rDS1 2 2
c0965 r52 2 2
c0949 rEr1 2 2
c0533 rDS2 2 2
c0073 rN 2 2
c0839 r25 2 3
c1020 r27 2 3
c1034 r51 2 3
c0881 rB 2 3
c0417 rD 2 3
c0154 rF 2 3
c0228 rG 2 3
c0105 rA 2 3
c0137 rL 2 3
c0519 rB 0 0
c0433 rEr1 2 3
c0474 rDS1 2 3
c0820 rN 2 3
c0840 r25 2 4
c0073 r34 2 4
c0440 r37 2 4
c0484 r38 2 4
c0018 r27 2 4
c0949 r51 2 4
c0824 rB 2 4
c1031 rA 0 1
c0216 rF 2 4
c1028 rD 2 4
c0519 r50 3 4
c0059 rF 1 1
c0793 rEr1 2 4
c0961 rEr2 3 1
c0099 rDS1 2 4
c0718 r52 0 2
c0018 r25 3 0
c0516 r36 3 0
c0965 r37 3 0
c1068 r38 2 3
c1031 r52 1 4
c1033 r51 3 0
c0243 rB 3 0
c0442 rD 3 0
c0199 rF 3 0
c1027 rG 3 0
c0857 r34 3 0
c0949 r52 3 0
c0427 r50 3 0
c0852 rN 3 0
c0803 rEr1 3 0
c0961 rEr2 3 0
c0951 rDS1 3 0
c0824 rDS2 0 3
c0018 r27 3 1
c0446 r38 3 1
c0091 r36 3 1
c0823 rD 0 0
c0200 rB 3 1
c1028 rDS1 0 1
c0935 rF 2 0
c0051 rG 3 1
c0128 rA 3 1
c0855 rL 3 1
c0600 r50 3 1
c0202 rDS1 3 1
c0836 rDS2 3 1
c0806 rN 3 1
c0816 r25 3 2
c0474 r36 3 2
c0961 r38 2 2
c0440 r34 3 2
c0452 r27 3 2
c0841 r51 3 2
c0099 rB 3 2
c0215 rD 3 2
c0524 r50 3 2
c0881 rG 3 2
c0137 rA 2 4
c0046 rL 3 2
c0718 r52 2 4
c0513 rEr1 3 2
c1027 rDS1 3 2
c1013 rEr2 3 2
c0080 rN 3 2
c1067 r37 3 3
c1089 rA 3 3
c1057 r27 3 3
c0524 r50 3 3
c0231 r51 3 3
c0247 rB 3 3
c0935 rD 3 3
c0899 rF 3 3
c0180 rG 3 3
c1028 rL 3 3
c0452 rEr2 3 3
c0848 r36 3 3
c0949 r52 3 3
c0495 rL 0 2
c0026 rDS1 3 3
c0050 rDS2 3 3
c0027 r25 3 4
c0961 r38 4 3
c0085 r51 3 4
c1023 rB 3 4
c0142 rD 3 4
c0189 rF 3 4
c0935 rG 3 4
c0097 rA 3 4
c0185 rL 3 4
c0495 r37 3 4
c0826 rEr1 3 4
c0452 rEr2 3 4
c1058 rDS1 3 4
c0855 rDS2 3 4
c1031 r36 4 0
c0857 r34 1 2
c0821 r27 4 0
c0855 r51 4 0
c0463 rDS1 4 0
c0212 rDS1 2 0
c0281 r27 3 0
c0836 rG 4 0
c0142 rD 4 0
c0896 rL 2 4
c0524 r50 4 1
c1033 rA 4 0
c0422 rEr2 2 3
c0935 rF 4 0
c0064 rDS2 4 0
c0536 rN 2 4
c1034 rEr1 4 1
c0826 r36 4 1
c1057 r27 4 1
c0281 r51 4 1
c0836 rB 4 1
c1058 rD 4 1
c0247 rF 4 1
c0142 rG 4 1
c0202 r50 2 1
c1020 rL 4 1
c0006 rEr1 2 1
c0463 rDS1 1 1
c0855 rDS2 4 1
c0446 r38 4 1
c0440 r37 4 2
c0495 r27 4 2
c0143 rB 4 2
c0830 rD 4 2
c1023 rA 2 2
c0857 r34 4 2
c0228 rA 4 2
c0422 rL 4 2
c0513 r50 4 2
c0855 r52 4 2
c0050 rEr1 0 1
c1013 rEr2 4 2
c0519 rDS1 4 2
c0006 r27 4 3
c0803 r37 2 1
c0101 rB 4 3
c0220 rD 4 3
c0185 rF 4 3
c0059 rG 4 3
c0899 rA 4 3
c0433 rEr1 4 3
c0718 r52 4 1
c0820 rDS1 4 3
c0951 r25 4 3
c0011 r36 4 4
c1023 rB 4 4
c0180 rD 4 4
c0128 rF 4 4
c0212 rG 4 4
c1027 rL 4 4
c0202 r50 4 4
c0816 r25 4 4
c0439 rEr1 4 4
c0857 r50 2 2
c1042 rDS1 4 4
c0961 rDS2 4 4
c0803 r37 4 4
