c0497 r38 4 1
c0535 r27 0 0
c0972 r51 4 3
c0224 rB 0 0
c0210 rA 1 0
c0148 rE 0 0
c0181 rH 4 2
c0233 rH 0 0
c0457 r25 3 0
c0933 r25 2 3
c0457 r25 1 1
c0978 rDS1 4 2
c0149 rB 0 1
c0223 rD 0 1
c0014 rDS2 0 1
c0798 r38 2 4
c0741 rB 4 2
c0177 rA 0 1
c0060 rH 2 1
c0923 rL 0 1
c0972 r27 0 2
c0112 r51 2 2
c0226 rB 0 2
c0055 rD 0 2
c0218 rE 0 2
c0150 rF 0 2
c0249 r36 4 2
c0741 rL 0 2
c0532 r50 0 2
c0441 r52 0 2
c0098 rDS1 1 2
c0953 rDS2 4 4
c0969 r31 4 2
c0196 r27 0 3
c0057 r51 0 1
c0233 rB 0 3
c0226 rD 0 3
c0378 rE 0 3
c0052 rF 0 3
c0741 rB 2 3
c0972 rL 0 3
c0884 r52 0 3
c0972 rL 3 3
c0196 r27 0 4
c0112 r51 0 4
c0012 rB 0 4
c0465 rE 0 4
c0117 rF 0 4
c0060 rH 0 4
c0978 rA 0 4
c0828 r52 0 4
c0098 rDS1 0 4
c0227 rF 3 3
c0057 r51 1 0
c0210 rB 2 0
c0233 rD 1 0
c0177 rL 1 0
c0149 rD 4 0
c0995 r50 1 0
c0741 rB 1 1
c0527 rDS1 1 0
c0978 rDS1 0 3
c0535 rDS2 1 0
c0953 rDS2 3 1
c0196 r52 3 1
c0210 r51 3 1
c0343 rL 3 4
c0149 rD 1 1
c0378 rE 1 1
c0117 rF 1 1
c0233 rH 1 1
c0114 rA 0 3
c0094 rD 4 1
c0012 rDS1 3 3
c0510 r27 1 2
c0107 r51 1 2
c0233 rB 1 2
c0465 rD 1 2
c0456 rE 1 2
c0045 rF 1 2
c0181 rH 0 3
c0150 rA 1 2
c0035 r36 3 2
c0249 r36 0 2
c0933 r25 4 3
c0771 r37 1 3
c0972 r51 1 3
c0969 r31 4 1
c0884 r27 1 3
c0497 r38 1 3
c0923 rD 1 3
c0112 rE 1 3
c0104 rF 1 3
c0510 rH 1 3
c0828 rA 1 3
c0953 r52 1 3
c0013 r25 0 3
c0534 r25 1 2
c0013 r25 1 4
c0737 r38 1 0
c0094 rD 1 4
c0254 rH 1 4
c0378 rE 1 4
c0130 rF 1 4
c0883 rA 4 1
c0196 r27 1 0
c0917 rH 2 3
c0884 r52 4 1
c0828 r37 2 4
c0535 r51 4 2
c0179 rB 3 0
c0214 rF 3 0
c0532 r50 2 0
c0978 rH 2 0
c0150 rA 2 0
c0254 rH 3 3
c0798 r50 0 0
c0014 r27 2 0
c0506 r36 2 0
c0909 r38 2 1
c0534 r25 3 1
c0923 r27 2 1
c0883 rA 2 1
c0057 r51 2 1
c0130 rD 2 1
c0214 rE 2 1
c0116 rF 2 1
c0179 rL 2 1
c0441 r37 2 1
c0503 rDS1 2 4
c0012 rDS1 2 1
c0198 rDS2 2 1
c0036 r36 2 2
c0828 r38 4 3
c0224 rB 2 2
c0917 r50 2 2
c1007 rE 2 2
c0409 r27 2 2
c0901 rH 2 2
c0055 rD 2 2
c0510 rL 2 2
c0969 r31 2 1
c0938 r52 2 2
c0456 rDS1 2 2
c0535 r27 2 3
c0053 r51 2 3
c0503 rDS1 1 3
c0223 rD 2 3
c0130 rF 2 3
c0094 rA 2 3
c0254 rL 2 3
c0196 r52 2 3
c0014 rDS2 2 3
c0534 r36 2 4
c0457 r36 2 1
c0013 r25 2 4
c0953 r27 4 0
c0114 rA 3 4
c0116 rB 2 4
c0497 rD 2 4
c0465 rE 4 0
c0969 r31 3 1
c0771 r37 1 2
c0107 rA 2 4
c0218 rL 3 2
c0883 r50 2 4
c0227 rD 0 4
c0053 rDS2 1 1
c0918 r25 2 0
c0798 r38 3 0
c0148 rE 1 0
c0223 rD 4 3
c0411 rE 3 0
c0503 rDS1 1 4
c0052 rH 4 0
c0923 rL 2 0
c0938 r36 3 0
c0737 r50 1 2
c0198 rL 0 0
c0104 rDS2 3 0
c0918 r37 3 1
c0883 r27 3 1
c0271 rB 3 1
c0411 rD 3 1
c0503 rDS1 3 1
c0465 rF 3 1
c0978 rH 3 1
c0224 rA 3 1
c0177 rL 3 1
c0035 r25 2 1
c0972 rL 4 0
c0014 r27 3 2
c0771 r37 3 2
c0456 rB 3 2
c0226 rD 3 2
c0198 rDS2 3 2
c0052 rF 3 2
c1007 rH 0 2
c0107 rA 3 2
c0148 rE 3 2
c0737 r50 3 2
c0953 r52 3 2
c0344 rDS1 3 2
c0036 r25 0 2
c0506 r36 3 3
c0249 rB 2 1
c0884 r38 3 3
c0969 r31 3 3
c0098 r51 3 3
c0036 rB 3 3
c0456 rD 3 3
c0117 rE 3 3
c0441 r52 3 3
c0953 r27 3 3
c0917 r50 3 3
c0938 r36 1 1
c0465 rDS2 3 3
c0035 r36 0 3
c0884 r38 3 4
c0506 r31 2 2
c0456 rB 3 4
c0901 rE 3 4
c0014 rDS2 3 4
c0060 rF 3 4
c0227 rH 2 4
c0969 r31 3 4
c0181 rL 1 3
c0995 r50 3 4
c0510 r27 3 4
c0771 rA 3 3
c0527 rDS1 2 3
c0441 r52 4 0
c0741 rB 4 0
c0214 rA 1 1
c0343 rF 4 0
c0045 rDS1 0 0
c0918 r25 4 0
c0978 rDS1 4 0
c0909 r31 1 3
c0441 r37 4 1
c0114 rL 4 3
c0179 rB 4 1
c0901 rE 4 1
c0344 rDS1 4 1
c0045 rH 4 3
c0798 r36 0 1
c0116 rL 4 1
c0532 r50 4 1
c0053 rDS2 4 1
c0995 r50 4 2
c0409 r25 3 2
c0909 r38 4 2
c0055 rD 4 2
c0271 rF 2 2
c0828 rA 4 2
c0883 r27 4 2
c0933 r25 2 2
c0972 r52 4 2
c0884 r38 3 1
c0343 rF 4 2
c0409 r36 4 3
c0978 rH 3 2
c0798 rB 4 3
c0969 r31 4 3
c0883 r50 4 3
c0344 rA 4 3
c0535 r27 4 3
c0527 rDS1 4 3
c0953 rDS2 4 3
c0923 rL 4 4
c0510 r27 4 4
c0218 rB 4 4
c1007 rE 4 4
c0104 rF 4 4
c0271 rF 0 1
c0411 rD 4 4
c0884 r52 4 4
c0883 r50 1 3
c0503 rDS1 4 4
