c0951 r36 0 0
c0792 r25 0 0
c0896 rB 0 0
c0519 rE 3 0
c0006 rL 2 0
c0041 rL 0 0
c0093 r51 4 3
c0185 rA 0 0
c0199 rDS1 2 0
c0412 rB 2 0
c0463 r50 0 0
c0450 rDS1 0 0
c0949 rDS2 1 1
c0792 r25 0 1
c0450 r36 0 1
c0951 r38 1 1
c0718 r31 0 1
c0243 rB 2 3
c200e rD 0 1
c0957 rE 0 1
c0006 rB 0 1
c0742 rH 0 1
c0821 r50 0 1
c0185 rL 0 1
c0519 rD 4 1
c0959 r52 0 1
c0462 rDS2 0 1
c0495 r25 0 2
c0450 r36 0 2
c0536 r31 0 2
c0216 rB 0 2
c0105 rD 0 2
c0209 rE 0 2
c0154 rF 0 2
c0046 rH 3 1
c0388 r27 3 1
c0231 r52 0 2
c0446 r51 0 2
c0949 rDS1 0 2
c0027 rDS2 0 2
c0961 r25 0 3
c0109 r27 3 0
c0742 rH 0 3
c0091 rD 0 3
c0881 rE 0 3
c0247 rF 0 3
c0093 rA 0 3
c0184 rL 0 3
c0463 r50 0 3
c0957 r52 0 3
c0718 r31 0 3
c0306 r25 3 2
c0806 r31 0 4
c0027 rB 0 4
c0896 rD 0 4
c0176 rE 0 4
c0199 rDS1 0 4
c0105 rH 0 4
c0261 rA 0 4
c0228 rL 0 4
c0965 r51 0 4
c0388 r52 2 4
c0085 rDS1 2 2
c0462 rDS2 0 4
c0803 r25 1 0
c0105 rD 1 0
c0959 rD 2 1
c0051 rE 0 0
c0028 rF 1 0
c0881 rH 1 0
c0261 rA 1 0
c0767 rL 1 0
c0427 r50 1 0
c0821 r52 0 0
c0763 rF 4 0
c0027 r36 1 1
c0961 r31 1 1
c0433 r27 1 1
c0247 rB 1 1
c0823 rD 1 1
c0957 rE 3 1
c0101 rE 1 1
c0046 rH 1 1
c0742 rA 1 1
c0176 rL 1 1
c0324 r51 1 1
c0202 r52 1 1
c0485 r36 2 1
c0412 r36 4 4
c0018 rB 1 2
c0059 rH 0 2
c0821 r50 1 2
c0176 rE 1 2
c0220 rF 1 2
c0216 rA 1 2
c0073 rL 1 2
c0830 r36 1 2
c0959 r51 2 4
c0951 rDS1 2 3
c0446 rDS2 1 2
c0442 r25 1 3
c0815 r36 1 3
c0294 r38 1 3
c0961 r31 1 3
c0059 rB 1 3
c0041 rE 3 4
c0452 rE 1 3
c0212 rD 1 3
c0184 rH 1 3
c0935 rA 1 3
c0943 rL 1 3
c0965 r50 1 3
c0462 r51 1 3
c0763 rDS1 0 3
c0199 rDS1 1 3
c0231 rDS2 1 3
c0830 r36 1 4
c0442 r38 2 4
c0718 r31 1 4
c0440 r27 1 4
c0306 r25 1 4
c0763 rF 1 3
c0212 rE 4 4
c0180 rL 1 4
c0896 rH 1 4
c0051 rF 1 4
c0220 rF 0 4
c0533 r38 4 3
c0489 r37 1 4
c0018 r52 1 4
c0965 rDS1 1 4
c0064 rB 1 4
c0951 r36 2 0
c0011 r37 0 3
c0830 r38 2 0
c0324 r27 2 0
c0189 r27 1 0
c0519 rE 1 0
c0202 rF 2 0
c0209 rH 2 0
c0154 rA 2 0
c0064 r27 0 0
c0099 rD 3 0
c0294 r52 2 0
c0097 rDS2 2 0
c0961 r25 2 1
c0324 r27 2 1
c0064 rB 2 1
c0767 rDS1 3 1
c0101 rE 2 1
c0128 rF 2 1
c0815 rH 2 1
c0065 rA 2 1
c0429 rL 2 1
c0099 r51 2 1
c0026 rDS1 2 1
c0536 r25 2 2
c0011 r37 2 2
c0485 rB 2 2
c0209 rH 2 2
c0093 rD 1 2
c0176 rE 2 2
c0228 rF 4 3
c0243 rA 3 2
c0261 rA 2 2
c0180 rL 2 2
c0965 r51 2 2
c0823 r52 2 2
c0463 rDS2 2 2
c0433 r27 2 2
c0961 r37 2 3
c0792 r31 2 3
c0959 r27 2 3
c0189 r52 2 3
c0519 rD 2 3
c0085 rE 2 3
c0803 rF 2 3
c0943 rH 2 3
c0600 r25 2 3
c0185 rL 2 3
c0823 r50 2 3
c0935 r51 2 0
c0097 r27 1 3
c0803 r25 2 4
c0028 r27 2 4
c0109 rB 2 4
c0142 rD 2 4
c0294 rE 2 4
c0513 rF 2 4
c0961 r37 2 4
c0073 rA 2 4
c0202 rL 2 4
c0815 rDS2 2 4
c0957 r52 3 2
c0767 rDS1 2 4
c0485 r37 1 3
c0281 r25 3 0
c0489 r37 3 0
c0452 r38 3 0
c0965 rDS1 3 0
c0433 r27 1 2
c0412 rB 3 0
c0519 r51 0 1
c0051 rF 3 0
c0026 rH 3 0
c0049 r27 4 0
c0820 rL 3 0
c0823 r50 3 0
c0085 r51 3 0
c0949 rDS1 4 1
c0957 r52 3 0
c0600 r25 3 1
c0306 r31 3 1
c0961 r37 1 0
c0184 rB 3 1
c0427 r50 3 1
c0420 r52 2 1
c0793 rF 3 1
c0212 rD 0 0
c0142 rA 3 1
c0180 rL 3 1
c0452 r38 3 1
c0073 r51 3 1
c0513 r52 3 1
c0536 rDS2 3 1
c0281 r31 3 2
c0388 r27 0 2
c0097 rB 3 2
c0011 r37 3 2
c0059 rE 3 2
c0420 rF 3 2
c0427 rH 3 2
c0306 r25 4 3
c0943 rL 3 2
c0965 r50 3 2
c0935 r51 3 2
c0959 r52 1 3
c0949 rDS1 3 2
c0489 rDS2 3 2
c0816 r37 3 3
c0533 r38 3 3
c0439 r31 3 3
c0881 rB 3 3
c0209 rH 3 3
c0049 rE 3 3
c0220 rF 3 3
c0281 r25 3 3
c0959 rD 3 3
c0935 r51 0 3
c0028 r51 3 3
c0821 r52 3 3
c0763 rDS1 3 3
c0091 r25 1 1
c0815 r36 3 4
c0439 r38 3 4
c0806 r31 3 4
c0951 r27 3 4
c0006 rA 3 3
c0018 rD 3 4
c0935 r51 4 0
c0429 rF 3 4
c0065 rA 3 4
c0495 rA 2 3
c0049 rL 3 4
c0189 r52 3 4
c0763 rDS1 3 4
c0949 rDS2 2 3
c0026 r25 4 0
c0533 r36 4 0
c0965 r38 4 0
c101e rB 4 0
c0041 rL 4 4
c0474 rE 4 0
c0949 rDS2 4 0
c0209 rH 4 0
c0442 rA 4 0
c0429 rL 4 0
c0821 r50 4 0
c0820 r52 4 0
c0951 rDS1 4 0
c0793 r36 4 1
c0216 rB 4 1
c0513 r50 0 4
c0420 rE 4 1
c0099 rF 4 1
c0957 rH 4 1
c0128 rF 0 1
c0091 rL 4 1
c0816 r37 4 1
c0474 r51 4 1
c0823 r52 4 1
c0439 r38 4 2
c0820 r37 0 2
c0951 r27 4 1
c0093 rD 4 2
c0176 rE 4 2
c0247 rF 4 2
c0495 r25 4 2
c0154 rA 4 2
c0065 rL 4 2
c0231 r52 4 2
c0949 rDS1 4 2
c0513 r50 4 2
c0793 r36 4 3
c0440 r27 3 3
c0474 rE 4 3
c0388 rD 4 3
c0041 rL 3 3
c0228 rF 1 1
c0128 rH 4 3
c0816 rA 4 3
c0243 rL 4 3
c0957 r50 4 3
c0513 r52 4 3
c0959 rDS1 4 3
c0306 r25 0 4
c0600 r27 4 4
c0446 rB 4 4
c0046 rD 2 0
c0041 rE 2 0
c0142 rF 4 4
c0109 rH 4 4
c0388 r52 4 4
c0806 r31 4 4
c0093 r51 2 3
c0440 rDS1 4 4
c0815 rDS2 4 4
