c0007 r34 0 2
c0007 r50 0 3
c0007 r50 3 2
c0009 rEr2 1 0
c0009 rN 1 2
c0009 rEr1 2 1
c0015 r52 2 3
c0015 rA 2 4
c0015 rF 4 1
c0019 rF 1 1
c0019 r52 3 4
c0019 rA 4 4
c0020 r34 1 2
c0020 r34 3 2
c0020 rDS1 3 3
c0023 rF 1 3
c0023 rB 2 2
c0023 rB 2 4
c0024 rA 0 3
c0024 r38 1 3
c0024 rDS2 4 2
c0044 r27 0 2
c0044 rD 0 4
c0044 r27 3 1
c0047 rD 1 0
c0047 rL 2 2
c0047 rF 3 3
c0049 r52 0 3
c0049 r52 1 2
c0049 rEr2 2 4
c0053 rDS2 0 2
c0053 rEr2 1 1
c0053 r27 2 1
c0056 rA 0 0
c0056 r51 2 1
c0056 rF 4 0
c0058 rF 0 3
c0058 rF 4 2
c0058 rF 4 3
c0061 rEr2 0 1
c0061 rDS1 2 3
c0061 r27 3 3
c0062 rA 1 1
c0062 rA 1 4
c0062 rA 2 1
c0069 r34 1 0
c0069 r50 2 2
c0069 r34 3 3
c0072 rG 1 0
c0072 rG 3 0
c0072 rF 3 1
c0074 r27 1 3
c0074 rF 3 4
c0074 r25 4 3
c0088 rG 0 4
c0088 rL 1 4
c0088 rG 2 3
c0088 r50 3 1
c0088 rA 4 0
c0095 rG 0 0
c0095 rB 1 0
c0095 rDS1 1 3
c0103 rG 1 2
c0103 rG 2 0
c0103 rB 2 3
c0106 rL 0 3
c0106 rB 0 4
c0106 rA 2 2
c0108 rDS2 0 3
c0108 rDS1 4 3
c0108 rB 4 4
c0110 rL 0 4
c0110 rD 4 0
c0110 rD 4 4
c0113 rD 0 0
c0113 rL 1 3
c0113 rL 3 2
c0115 rB 0 1
c0115 rB 3 0
c0115 rB 4 0
c0118 rDS2 2 0
c0118 r38 3 2
c0118 rEr1 3 3
c0127 r27 1 2
c0127 r52 3 1
c0127 r51 4 0
c0129 rD 1 4
c0129 rD 2 2
c0129 rD 3 0
c0131 rF 0 0
c0131 rG 0 1
c0131 rF 0 4
c0132 rB 0 3
c0132 rB 1 3
c0132 rL 2 3
c0133 rDS1 0 4
c0133 rDS1 1 1
c0133 rL 4 2
c0133 rB 4 3
c0133 rDS1 4 4
c0152 rF 2 0
c0152 rB 3 1
c0152 rB 3 3
c0153 rL 3 0
c0153 rG 3 3
c0153 rG 3 4
c0162 r37 1 4
c0162 rL 3 1
c0162 r51 3 2
c0178 rDS1 1 0
c0178 r25 3 1
c0178 r27 4 4
c0191 rDS1 0 3
c0191 rL 2 0
c0191 rA 3 0
c0193 rD 0 1
c0193 rB 1 4
c0193 rD 4 3
c0195 r51 1 1
c0195 rDS2 3 0
c0195 r51 4 1
c0201 rF 0 1
c0201 rL 4 0
c0201 rF 4 4
c0203 r51 1 3
c0203 rG 2 2
c0203 rDS1 3 4
c0206 r52 2 1
c0206 r36 3 4
c0206 r34 4 0
c0211 r38 1 4
c0211 r51 3 1
c0211 r25 4 4
c0213 r51 1 0
c0213 rL 1 1
c0213 rEr2 1 2
c0217 rB 0 0
c0217 rB 0 2
c0217 rDS1 4 0
c0219 rF 1 4
c0219 rDS1 3 1
c0219 rL 3 3
c0221 rL 0 1
c0221 rL 1 0
c0221 rD 3 3
c0225 rDS1 0 0
c0225 rF 3 2
c0225 rB 3 4
c0230 rA 0 4
c0230 rF 3 0
c0230 rA 3 4
c0232 r50 1 3
c0232 rG 2 4
c0232 r50 4 4
c0238 r27 0 4
c0238 r34 2 1
c0238 r36 3 0
c0252 rF 1 2
c0252 rG 3 1
c0252 rG 4 1
c0253 rD 0 3
c0253 rD 1 3
c0253 rDS1 2 0
c0257 rG 1 1
c0257 rF 2 3
c0257 rD 2 4
c0279 rG 0 2
c0279 rA 4 2
c0279 rA 4 3
c0411 rEr1 0 3
c0411 rEr2 3 0
c0411 rEr2 3 4
c0412 rDS2 0 0
c0412 r27 2 0
c0412 rDS2 2 2
c0423 rF 0 2
c0423 rG 3 2
c0423 rB 4 2
c0428 rEr1 0 4
c0428 r37 1 1
c0428 rD 2 1
c0430 rEr1 0 1
c0430 r50 1 4
c0430 rEr1 2 4
c0432 r36 0 0
c0432 r36 1 0
c0432 r27 2 2
c0443 r37 2 1
c0443 r36 3 3
c0443 rN 4 1
c0444 rDS1 2 2
c0444 rDS2 3 1
c0444 rEr1 3 4
c0449 r50 1 2
c0449 rEr1 2 3
c0449 r37 3 3
c0455 rB 1 1
c0455 rEr1 4 4
c0455 r50 2 4
c0464 rEr1 2 2
c0464 rG 4 0
c0464 rL 4 4
c0467 rEr2 0 0
c0467 rB 1 2
c0467 rA 2 0
c0478 r51 2 3
c0478 rDS1 3 2
c0478 r27 4 0
c0479 rD 2 0
c0479 r51 2 2
c0479 r50 3 3
c0487 rG 1 3
c0487 rDS2 3 3
c0487 r34 3 4
c0489 rDS2 2 1
c0489 r36 3 1
c0489 rG 4 2
c0496 rDS2 1 1
c0496 rL 1 2
c0496 r25 2 0
c0497 r27 0 1
c0497 rN 2 1
c0497 rEr1 4 2
c0503 r37 1 2
c0503 rEr2 2 1
c0503 r52 3 0
c0504 r34 0 4
c0504 r51 1 4
c0504 r38 2 0
c0512 rG 0 3
c0512 rEr2 2 0
c0512 r51 3 3
c0515 rDS1 0 2
c0515 rDS1 2 1
c0515 rB 3 2
c0515 rDS1 4 1
c0520 rD 1 2
c0520 rG 1 4
c0520 rG 4 3
c0526 rN 0 1
c0526 rN 2 0
c0526 rDS2 4 1
c0530 r34 4 2
c0530 r34 2 3
c0530 rEr2 4 3
c0532 rDS1 0 1
c0532 r37 4 1
c0532 r37 3 0
c0534 r37 1 0
c0534 rEr2 1 3
c0534 rEr2 3 1
c0535 rN 2 4
c0535 r27 3 2
c0535 r27 4 3
c0537 rDS2 0 4
c0537 rB 2 0
c0537 rN 3 3
c0538 r34 3 0
c0538 rEr1 4 1
c0538 r36 4 2
c0539 rEr1 0 0
c0539 rEr2 2 3
c0539 rEr1 1 4
c0554 rN 0 3
c0554 r27 2 4
c0554 r34 3 1
c0602 rEr1 1 3
c0602 r36 2 2
c0602 rEr1 3 1
c0722 rA 0 2
c0722 rDS1 2 4
c0722 rD 4 2
c0723 r38 3 4
c0723 r38 4 2
c0723 rDS2 4 3
c0725 r50 0 4
c0725 rD 1 1
c0725 rD 3 1
c0730 r37 2 3
c0730 rDS1 3 0
c0730 r52 3 2
c0737 rL 0 0
c0737 r38 4 1
c0737 rG 4 4
c0742 r34 1 3
c0742 r34 2 0
c0742 rDS2 4 0
c0746 rD 2 3
c0746 rF 2 4
c0746 rD 3 2
c0789 rEr2 0 4
c0789 r27 3 4
c0789 r37 4 2
c0794 r27 0 3
c0794 rL 2 1
c0794 rD 4 1
c0795 rEr2 3 3
c0795 r50 4 0
c0795 rL 4 3
c0804 rEr1 1 0
c0804 r50 2 1
c0804 r38 4 0
c0807 rN 0 2
c0807 r36 1 3
c0807 r25 3 2
c0808 r36 1 1
c0808 rEr1 2 0
c0808 rL 2 4
c0812 r25 0 2
c0812 r52 1 4
c0812 r25 2 3
c0813 r38 0 0
c0813 rN 1 1
c0813 rDS2 3 2
c0822 r50 0 1
c0822 r51 3 4
c0822 r36 1 2
c0835 rDS2 1 0
c0835 r52 2 4
c0835 rN 4 2
c0847 r50 2 3
c0847 rEr2 4 2
c0847 r50 4 3
c0849 rEr1 0 2
c0849 rEr1 1 2
c0849 r52 4 0
c0860 r51 0 4
c0860 r51 2 0
c0860 rN 2 2
c0860 rN 3 4
c0860 r27 4 1
c0860 r52 4 3
c0860 rN 4 4
c0862 r34 1 4
c0862 r34 2 2
c0862 r37 2 4
c0862 rN 3 0
c0862 r52 3 3
c0862 r25 3 4
c0862 r50 4 1
c0883 r52 0 1
c0883 r52 0 2
c0883 r25 1 2
c0883 r25 2 2
c0883 r37 3 1
c0883 rN 3 2
c0883 r36 4 1
c0897 rA 0 1
c0897 rB 2 1
c0897 rA 3 2
c1005 rEr2 0 2
c1005 rG 2 1
c1005 rL 3 4
c0932 rEr1 1 1
c0932 rA 1 2
c0932 rDS1 4 2
c0936 r38 1 0
c0936 r38 1 2
c0936 r37 1 3
c1022 r25 3 0
c1022 r36 3 2
c1022 rDS2 3 4
c0955 rD 0 2
c0955 r38 1 1
c0955 r38 2 3
c0955 r36 2 4
c0955 rA 4 1
c0955 r37 4 3
c0955 rDS2 4 4
c0963 rL 0 2
c0963 rA 1 0
c0963 r51 1 2
c0963 r52 2 0
c0963 rDS2 2 4
c0963 rEr1 4 0
c0963 rEr2 4 1
c0975 r51 0 2
c0975 r51 0 3
c0975 r25 2 1
c0975 rEr1 3 2
c0975 r50 1 0
c0975 r36 4 3
c0975 r51 4 4
c0980 r50 0 0
c0980 r27 1 0
c0980 rDS1 1 2
c0980 r50 2 0
c0980 rEr2 2 2
c0980 r51 2 4
c0980 rL 4 1
c0983 rDS2 1 2
c0983 r27 2 3
c0983 rEr2 3 2
c0983 rEr2 4 0
c0983 r52 4 1
c0983 r27 4 2
c0983 rDS2 1 3
c0998 rF 2 1
c0998 rA 2 3
c0998 rA 3 1
c1041 rA 1 3
c1041 rA 3 3
c1041 rD 3 4
c1053 rDS2 1 4
c1053 rF 2 2
c1053 r25 2 4
c1062 r51 0 0
c1062 rF 1 0
c1062 rDS1 1 4
c1064 r34 0 1
c1064 r38 0 4
c1064 rEr2 1 4
c1064 r37 2 0
c1064 r34 2 4
c1064 r34 4 1
c1064 r38 2 2
c1065 r37 0 3
c1065 r34 1 1
c1065 r36 2 1
c1066 r38 0 1
c1066 r52 2 2
c1066 r38 2 4
c1069 r37 0 2
c1069 rN 1 0
c1069 r37 3 4
c1072 r50 1 1
c1072 rEr1 3 0
c1072 r52 4 4
c1074 rDS2 0 1
c1074 r25 1 3
c1074 rB 4 1
c1077 r52 1 3
c1077 r27 1 4
c1077 r50 3 4
