ChiGenAn rB 0 3
ChiGenAn rE 2 4
ChiGenAn rF 3 2
GeoAn rE 0 4
GeoAn rF 3 4
GeoAn rA 4 0
CamEleAn r52 1 3
CamEleAn r27 2 3
CamEleAn r27 3 2
FonChiAn r52 0 2
FonChiAn rB 3 4
FonChiAn r52 4 0
IngConAn rL 0 1
IngConAn rD 2 1
IngConAn r27 3 1
StrIndAn r27 0 1
StrIndAn rF 0 4
StrIndAn r50 1 0
TecCosAn r50 0 3
TecCosAn rF 2 0
TecCosAn rDS2 4 1
Mat1Cn rD 0 1
Mat1Cn rF 1 0
Mat1Cn rE 2 1
Mat1Cn rF 3 0
Mat1Cn rE 3 1
MecRazCn rD 1 1
MecRazCn rA 2 3
MecRazCn rD 4 1
DisCn rB 2 1
DisCn rA 3 0
DisCn rA 4 4
TecMatCn rG 0 1
TecMatCn rG 1 2
TecMatCn rG 3 1
ArcTecCn rDS2 1 0
ArcTecCn r50 2 2
ArcTecCn rDS1 3 3
DisEdiCn r38 0 0
DisEdiCn rA 0 2
DisEdiCn rG 1 4
Idr2Cn rE 1 3
Idr2Cn rA 1 4
Idr2Cn rL 2 3
Mat1En r27 0 0
Mat1En rB 1 0
Mat1En rE 1 1
Mat1En r27 2 0
Mat1En rE 3 0
ChiStaEn rD 0 0
ChiStaEn rD 1 3
ChiStaEn rL 2 1
ConAutEn rE 1 0
ConAutEn rA 2 0
ConAutEn rL 3 4
RetLogEn rA 0 1
RetLogEn rD 0 2
RetLogEn rD 0 3
TeoRetEn rL 0 4
TeoRetEn rG 2 2
TeoRetEn rD 3 0
ComEleEn rF 2 3
ComEleEn rD 3 3
ComEleEn rF 4 0
EleSis1En rB 0 2
EleSis1En rB 4 1
EleSis1En rE 4 3
MetMatEn r50 0 1
MetMatEn rG 1 0
MetMatEn rA 3 1
RetCal1G1n rB 0 1
RetCal1G1n rD 1 2
RetCal1G1n rL 1 4
Mat1G2n rE 0 0
Mat1G2n rA 1 0
Mat1G2n rE 2 0
Mat1G2n rG 2 1
Mat1G2n rG 4 0
ChiG2n rD 1 0
ChiG2n rD 4 0
ChiG2n rA 4 3
DisComEsG2n rE 0 2
FonMecG2n rG 0 4
FonMecG2n rF 4 2
FonMecG2n rE 4 4
TerAppG2n rG 0 0
TerAppG2n rE 0 3
TerAppG2n rB 1 3
CalProG2n r52 1 1
CalProG2n rDS2 2 3
CalProG2n r52 3 4
Mat1Mn rF 0 0
Mat1Mn r27 1 0
Mat1Mn r27 1 1
Mat1Mn r27 2 1
Mat1Mn r27 3 0
DisIndMn rG 2 0
DisIndMn rG 3 0
DisIndEsMn rE 4 1
FluMn rE 0 1
FluMn rF 1 1
FluMn rE 2 2
ComMecMn rG 1 3
ComMecMn rD 2 4
ComMecMn rL 3 0
CosMacMn rE 2 3
CosMacMn rE 4 0
CosMacMn rA 4 1
TecMec1Mn rL 0 3
TecMec1Mn rL 1 2
TecMec1Mn rL 3 2
Mat1Ar rF 0 1
Mat1Ar rB 2 0
Mat1Ar rB 4 0
FonInfAr rA 2 4
FonInfAr rG 3 2
FonInfAr rD 3 4
LabEle1Ar r50 0 0
LabEle1Ar rF 0 2
LabEle1Ar rF 1 2
LabEle1Ar r50 3 1
LabEle1Ar rF 3 3
LabEle1Ar r52 4 1
LabEle1Ar r50 4 4
LabEle2Ar r52 0 3
LabEle2Ar rA 1 1
LabEle2Ar rA 1 2
LabEle2Ar rF 1 3
LabEle2Ar rD 1 4
LabEle2Ar rDS1 2 3
LabEle2Ar rD 4 4
LabEle3Ar rDS1 0 2
LabEle3Ar rDS1 0 3
LabEle3Ar rA 1 3
LabEle3Ar rF 1 4
LabEle3Ar rA 3 3
LabEle3Ar r31 4 1
LabEle3Ar rDS2 4 3
GeoAppAns rG 0 3
GeoAppAns r31 1 1
GeoAppAns rL 4 0
IdrNumAns rA 3 4
IdrNumAns r36 4 3
IdrNumAns rDS2 4 4
MecSuoAns r36 0 1
MecSuoAns r31 2 1
MecSuoAns r38 4 2
PriIngAns rDS1 2 1
PriIngAns r27 4 1
PriIngAns rB 4 2
StaPenAns r31 0 2
StaPenAns r27 0 4
StaPenAns r36 2 3
StaAns rB 0 0
StaAns rDS2 2 0
StaAns rL 3 1
ArcTecCns r38 1 1
ArcTecCns rDS1 2 4
ArcTecCns rE 3 2
EleTel1Ens rB 1 1
EleTel1Ens rA 2 2
EleTel1Ens rDS2 3 0
SisTel1Ens rDS2 0 4
SisTel1Ens r50 3 2
SisTel1Ens r31 3 4
AppIndGns rL 2 0
AppIndGns rD 3 1
AppIndGns rL 3 3
RetCal2Gns rL 2 4
RetCal2Gns r31 4 0
RetCal2Gns rL 4 1
TecCos1Cv rF 0 3
TecCos1Cv rF 2 4
TecCos1Cv rF 4 3
StoArcCv r50 1 4
StoArcCv r27 2 2
StoArcCv r50 2 3
StoArcCv rB 3 0
StoArcCv rG 4 2
TeoStr1Cv rDS1 2 0
TeoStr1Cv rB 3 2
TeoStr1Cv r36 4 1
MecCom1Cv rE 1 2
MecCom1Cv r38 1 3
MecCom1Cv r38 4 4
ArcComCv rDS2 0 1
ArcComCv rDS2 1 1
ArcComCv rB 3 1
CalAut1Cv r37 3 3
CalAut1Cv r50 4 0
CalAut1Cv r50 4 3
CosZonCv rDS1 0 0
CosZonCv r37 1 4
CosZonCv r37 2 1
ImpTec1Cv r27 4 0
ImpTec1Cv rG 4 1
ImpTec1Cv rL 4 2
IdrAppCv r52 1 2
IdrAppCv r31 3 0
IdrAppCv r37 3 1
IdrAppCv r38 3 2
IdrAppCv r38 4 3
RivSpeCv r38 0 2
RivSpeCv r31 0 3
RivSpeCv r37 1 3
RivSpeCv rDS1 2 2
RivSpeCv r31 4 4
CalEle1Ev rD 2 0
CalEle1Ev rD 4 2
CalEle1Ev rD 4 3
CamEle1Ev rB 0 4
CamEle1Ev rL 1 1
CamEle1Ev rL 2 2
EleIndEv rL 0 0
EleIndEv r27 0 3
EleIndEv rDS2 1 3
EleIndEv rF 2 1
EleIndEv rD 3 2
GesAziGv rA 0 0
GesAziGv rA 0 4
GesAziGv rL 1 0
GesAziGv rL 1 3
GesAziGv rA 2 1
ChiInd1Gv r38 1 4
ChiInd1Gv rF 2 2
ChiInd1Gv r50 2 4
ChiInd1Gv r50 3 0
ChiInd1Gv r50 3 3
OrgPro1Gv rB 2 4
OrgPro1Gv rF 3 1
OrgPro1Gv rB 3 3
Mac1Mv rG 1 1
Mac1Mv rB 2 3
Mac1Mv rF 4 1
Mac1Mv rB 4 3
Mac1Mv rG 4 4
TerAppMv r52 1 0
TerAppMv r27 1 3
TerAppMv rDS2 2 2
TerAppMv rG 3 3
TerAppMv rG 3 4
DisAssMv r52 1 4
DisAssMv r52 2 0
DisAssMv r52 2 1
DisAssMv rB 2 2
DisAssMv r52 3 0
MecVibMn r52 0 0
MecVibMn rDS1 0 1
MecVibMn rDS1 1 1
MecVibMn r52 2 4
MecVibMn rDS1 3 4
