c0602 r36 0 0
c0313 r37 0 0
c0044 r27 0 0
c0129 rL 3 3
c0108 rD 0 0
c0103 rE 0 0
c0178 rA 3 0
c0552 r27 3 0
c0310 rA 0 0
c0638 rL 0 0
c0238 rDS1 0 0
c0074 rDS2 0 0
c0066 r36 0 1
c0206 rA 0 1
c0056 r27 0 1
c0127 rB 0 1
c0230 rD 0 1
c0279 rE 0 1
c0088 rF 0 1
c0157 r38 0 1
c0103 rG 0 1
c0346 rL 0 1
c0322 r50 0 1
c0015 rDS1 0 1
c0552 rDS1 2 4
c0322 rL 2 0
c0054 rD 0 2
c0633 rF 0 2
c0195 rD 1 3
c0115 rA 0 2
c0366 rL 0 2
c0155 r52 0 2
c0304 r37 0 3
c0313 r50 1 1
c0311 rDS2 1 4
c0295 r27 0 3
c0195 rB 0 3
c0298 rD 0 3
c0103 rE 0 3
c0066 r36 3 0
c0156 rG 0 3
c0386 rA 0 3
c0346 rL 0 3
c0157 r31 4 3
c0314 r52 0 0
c0467 rDS1 4 3
c0297 r27 0 4
c0111 rB 0 4
c0336 rD 0 4
c0058 rE 0 4
c0074 rF 0 4
c0129 rG 0 4
c0346 rA 0 4
c0386 rL 0 4
c0020 rDS2 0 2
c0238 rG 1 0
c0368 r31 1 0
c0316 r27 1 0
c0266 rB 1 0
c0152 rF 1 2
c0206 rE 1 0
c0336 rF 1 0
c0552 r37 1 4
c0323 rA 1 0
c0113 rL 1 0
c0044 r27 1 1
c0095 rDS1 1 0
c0304 rDS2 1 0
c0314 r52 4 4
c0238 r37 1 1
c0056 r52 1 0
c0095 rB 1 1
c0327 rD 1 1
c0633 rE 1 1
c0058 rF 1 1
c0336 rG 1 1
c0152 rA 1 1
c0346 rL 1 1
c0297 r38 0 3
c0219 r52 1 1
c0366 r27 1 2
c0023 rB 1 2
c0633 rD 1 2
c0061 rE 1 2
c0297 rD 1 0
c0201 rG 1 2
c0559 rA 1 2
c0054 rL 1 2
c0119 rE 4 2
c0009 r37 1 3
c0602 r31 1 3
c0080 r27 1 3
c0252 rB 1 3
c0157 rG 0 2
c0155 r27 4 3
c0298 rF 1 3
c0066 rG 1 3
c0638 rA 1 3
c0115 rL 1 3
c0322 r50 1 3
c0288 rDS2 1 3
c0559 r36 1 3
c0366 r38 1 4
c0337 rL 1 4
c0266 rD 1 4
c0323 rF 1 4
c0088 rG 1 4
c0110 rA 1 4
c0201 rB 1 4
c0304 r52 1 4
c0602 r31 0 3
c0298 rD 3 2
c0080 r38 4 1
c0307 r37 2 0
c0302 r27 2 0
c0211 rB 2 0
c0095 rD 2 0
c0388 rE 2 0
c0186 rF 2 0
c0480 rG 2 0
c0252 rDS2 3 0
c0315 rB 0 2
c0311 rDS1 2 0
c0298 rDS1 2 2
c0219 r52 2 2
c0155 rDS2 2 0
c0559 r38 2 1
c0019 r31 2 1
c0108 r27 2 1
c0009 rG 2 1
c0455 rD 2 1
c0266 rE 2 1
c0129 rF 2 1
c0211 rB 2 1
c0638 rA 2 1
c0113 rL 2 1
c0076 r50 2 1
c0069 r52 2 1
c0322 r52 2 3
c0288 rDS2 2 1
c0304 r37 2 2
c0156 r52 2 0
c0088 rF 2 2
c0155 rE 2 2
c0326 rB 2 2
c0076 rG 2 2
c0110 rA 2 2
c0467 rL 2 2
c0157 r50 2 0
c0366 r27 2 2
c0111 rB 2 3
c0054 rD 2 3
c0023 rE 2 3
c0088 rF 2 3
c0327 rG 2 3
c0366 rA 2 3
c0115 rL 2 3
c0157 r50 2 3
c0298 rDS1 2 1
c0368 rDS1 2 3
c0470 rDS2 2 3
c0007 r31 2 4
c0315 r27 2 4
c0252 rB 2 4
c0388 rD 2 4
c0015 rE 2 4
c0156 rF 2 4
c0279 rG 2 4
c0217 rA 2 4
c0337 rL 2 4
c0155 r52 2 4
c0307 rA 4 4
c0480 rF 0 3
c0313 r37 3 0
c0213 r52 3 0
c0297 rG 0 0
c0019 rB 3 0
c0152 rD 3 0
c0633 rE 3 0
c0044 rF 3 0
c0391 rG 3 0
c0230 rF 0 0
c0638 rL 3 0
c0108 rDS1 3 0
c0206 rG 4 0
c0009 r36 3 1
c0080 r37 3 1
c0467 r38 3 1
c0315 r31 3 1
c0119 r27 3 1
c0391 rB 3 1
c0213 rD 3 1
c0020 rE 3 1
c0054 rF 3 1
c0061 rG 3 1
c0633 rA 3 1
c0316 rL 3 1
c0193 rDS1 3 1
c0069 r52 3 1
c0155 rDS2 3 1
c0157 r27 3 2
c0322 rB 3 2
c0155 rDS1 1 4
c0288 rE 3 2
c0195 rF 3 4
c0230 rG 3 2
c0346 rA 3 2
c0326 rL 3 2
c0379 r50 3 2
c0368 r38 3 3
c0193 r27 3 3
c0201 rB 3 3
c0088 rF 3 3
c0058 rE 3 3
c0061 rD 3 3
c0304 rG 3 3
c0131 rB 0 0
c0119 rDS2 3 3
c0297 r36 3 4
c0295 r27 3 4
c0316 rB 3 4
c0217 rD 3 4
c0110 rE 3 4
c0323 rG 3 4
c0054 rA 3 4
c0186 rL 3 4
c0455 r31 3 4
c0156 rDS1 3 4
c0019 rDS2 3 4
c0007 r36 4 0
c0156 r31 4 0
c0074 rL 4 0
c0186 rB 4 0
c0193 r27 4 0
c0069 rE 4 0
c0337 rF 4 0
c0178 rA 2 0
c0310 rA 4 0
c0213 rD 4 0
c0219 r52 4 0
c0127 rDS1 4 0
c0157 rDS2 4 0
c0314 r36 2 0
c0020 r27 4 1
c0307 rB 4 1
c0127 rD 4 1
c0211 rF 4 1
c0023 rE 4 1
c0327 rG 4 1
c0386 rA 4 1
c0178 rL 4 1
c0302 r50 4 1
c0056 r52 4 1
c0156 rDS1 4 1
c0470 rDS2 4 1
c0295 r36 4 2
c0480 rD 4 2
c0131 rF 4 2
c0379 rA 4 2
c0326 rL 4 2
c0015 r50 4 2
c0307 r52 4 2
c0455 rDS2 1 2
c0388 rDS2 4 2
c0007 r50 0 3
c0156 rDS1 1 3
c0391 rB 4 3
c0111 rD 4 3
c0388 rE 4 3
c0076 rG 4 3
c0310 rA 4 3
c0217 rL 4 3
c0379 r50 4 3
c0295 r37 0 4
c0470 r36 4 4
c0311 r27 4 4
c0131 rB 4 4
c0279 rG 4 4
c0302 rF 4 4
c0307 r52 0 1
c0113 rL 4 4
c0295 r36 1 1
c0388 rDS2 4 4
