c0423 rR 3 0
c0238 r37 0 0
c0804 r38 0 0
c0794 r31 0 0
c0897 r51 0 0
c0103 rD 2 0
c1077 r51 2 0
c0056 rF 0 0
c0455 rG 0 0
c0133 rD 0 0
c0520 rL 0 0
c0089 r50 4 3
c0983 r52 0 0
c0497 rDS2 0 0
c0835 r37 2 3
c1069 r38 0 1
c0095 rL 0 1
c0975 r27 0 1
c0449 r51 0 1
c0225 rDS1 2 1
c0230 rD 0 1
c0725 rF 0 1
c0103 rG 0 1
c0203 rA 0 1
c0252 rD 2 1
c0464 r50 0 1
c0089 r52 0 1
c0195 rDS2 0 1
c0213 rR 0 1
c0883 r36 0 1
c0423 r25 0 2
c0467 r36 0 2
c0108 rDS1 0 2
c0554 r25 4 2
c0723 rR 0 2
c0019 r27 0 2
c0883 r51 0 2
c0219 rB 0 2
c0225 rD 0 2
c0072 rF 0 2
c0110 rG 0 2
c0496 rA 0 2
c0512 rL 0 2
c0963 r50 0 2
c0983 rDS2 0 2
c0009 r38 0 3
c0746 r36 0 3
c0095 r50 2 4
c0020 r25 0 3
c0535 rN 0 3
c0074 r51 0 3
c0221 rB 0 3
c0106 rD 0 3
c0072 rF 0 3
c0219 rG 0 3
c0132 rA 0 3
c0152 rL 0 3
c0722 r50 0 3
c0602 r52 0 3
c0808 rDS1 0 3
c0532 rR 0 3
c0835 r25 3 1
c0074 r36 0 4
c0412 r31 4 4
c0955 r27 0 4
c1001 r51 0 4
c0103 rB 0 4
c0133 rD 0 4
c0455 rF 0 4
c0217 rG 0 4
c0252 rA 0 4
c0725 rL 0 4
c0983 r52 4 2
c1077 rDS1 0 4
c0554 rDS2 0 4
c0723 rR 4 3
c0206 r50 1 0
c0538 r25 1 0
c0049 r51 1 0
c0133 rB 1 0
c0131 rD 1 0
c0191 rF 1 0
c0279 rG 1 0
c0444 r25 2 0
c0897 rL 1 0
c0253 r50 0 0
c0213 r27 1 0
c0009 rN 1 0
c0808 rDS1 4 1
c0020 r25 1 1
c0503 r36 1 1
c0069 rDS2 1 1
c1069 r38 4 3
c0955 r31 1 1
c0232 r27 1 1
c0539 r37 2 1
c0998 rD 1 1
c1001 rF 1 1
c0132 rG 1 1
c0430 rA 1 1
c0737 rL 1 1
c0007 r50 1 1
c0195 r52 1 1
c1072 rDS1 3 2
c0722 rDS2 1 3
c1074 rA 0 0
c0497 r36 3 1
c0835 r37 1 2
c0044 r38 1 2
c0487 r31 1 2
c0980 r27 1 2
c0936 r51 1 2
c0072 rB 1 2
c0217 rD 1 2
c0106 rF 1 2
c0432 rG 1 2
c0221 rA 1 2
c0058 rL 1 2
c0975 r50 1 2
c0955 r52 1 2
c0095 rDS1 1 2
c0963 rDS2 1 2
c1066 rN 1 2
c0789 r38 0 2
c0539 r38 1 3
c0883 r37 2 0
c1062 r31 1 3
c0955 r27 1 3
c0211 r51 1 3
c0257 rB 1 3
c0230 rD 1 3
c0253 rF 1 3
c0193 rG 1 3
c0115 rA 1 3
c0602 rL 1 3
c0980 r50 1 3
c0963 r52 1 3
c0742 rDS1 1 3
c0487 r52 3 3
c0444 r25 1 3
c0804 rR 2 0
c0443 r25 1 4
c0496 r37 1 4
c0539 r38 4 0
c0428 rN 2 3
c0049 rF 2 4
c0131 rB 1 4
c0257 rD 1 4
c0795 rF 1 4
c0023 rG 1 4
c0932 rA 1 4
c0193 rG 2 4
c0530 r50 2 3
c0883 r37 3 1
c0478 rDS1 1 4
c0980 rDS2 4 3
c0108 rDS2 1 4
c0822 rR 1 4
c0538 r36 2 0
c0532 rR 1 0
c0432 r38 2 0
c0089 r52 2 0
c0955 r27 2 0
c0963 r51 4 3
c0479 rB 2 0
c0515 rA 1 0
c0023 rF 2 0
c0062 rG 2 0
c0279 rA 2 0
c0047 rL 2 0
c1062 r50 2 1
c0526 r52 1 0
c0975 rDS1 2 0
c0530 rDS2 0 3
c0535 rN 3 4
c0807 r25 2 1
c0535 r36 4 1
c0118 r37 4 1
c0487 r38 2 1
c0178 r50 1 4
c0822 r31 4 0
c1022 r51 2 1
c0411 rB 2 1
c0062 rDS1 1 1
c0515 rL 2 1
c0478 rG 2 1
c0464 rA 2 1
c0019 r27 2 1
c0963 r50 3 1
c0532 r52 2 1
c0883 r36 2 1
c0975 rDS2 2 1
c0423 rR 2 1
c0412 rDS1 2 2
c0503 r38 3 0
c1053 rN 2 2
c0534 rR 1 2
c0106 rB 2 2
c0129 rD 2 2
c0847 rF 2 2
c0153 rG 2 2
c0219 rA 2 2
c0061 rL 2 2
c0253 r50 2 2
c0024 r51 2 2
c1022 rDS2 2 2
c0497 r36 2 2
c0503 r38 2 3
c0015 r25 2 3
c1053 rN 1 3
c0955 r31 2 3
c1072 r27 2 3
c0178 r51 2 3
c0742 rB 2 3
c0201 rD 2 3
c0132 rF 2 3
c0115 rG 2 3
c0520 rA 2 3
c0088 rL 2 3
c0449 r52 2 3
c0983 rDS1 2 3
c0883 r37 2 4
c0015 r25 3 4
c0554 r25 2 4
c0847 r27 1 4
c0602 r52 2 4
c0430 rB 2 4
c0201 rD 2 4
c0115 rF 2 1
c0232 r27 2 4
c0152 rA 2 4
c0113 rL 2 4
c0206 r51 2 4
c0069 rDS1 2 4
c1069 r25 1 2
c1053 rN 2 4
c0534 rR 2 4
c0056 r25 3 0
c0449 r36 1 2
c0007 r36 4 0
c0983 r31 3 0
c0807 r27 3 0
c0537 r51 3 0
c0725 rB 3 0
c0113 rD 3 0
c0411 rF 3 0
c0467 rG 3 0
c0479 r52 3 0
c0153 rL 3 0
c0238 r50 3 0
c0061 rDS1 3 0
c0730 rDS2 3 0
c0118 rB 0 1
c0044 r27 3 1
c0211 r31 3 1
c0794 r51 1 1
c0847 r51 3 1
c0152 rB 3 1
c0230 rD 3 1
c0279 rF 3 1
c0047 rG 3 1
c0049 rA 3 1
c0936 rL 3 1
c0443 rDS2 3 1
c0812 r37 0 4
c0412 rDS1 3 1
c0526 r25 0 1
c0024 rR 3 1
c1066 r52 0 2
c0804 r38 3 2
c0822 r31 3 2
c0742 r27 3 2
c0464 r50 3 2
c0225 rD 4 1
c0019 rD 3 2
c0411 rF 3 2
c0153 rG 3 2
c0998 rA 3 2
c0252 rL 3 2
c0936 rDS1 4 2
c0975 r52 3 2
c0467 r36 3 2
c0526 r25 3 2
c0069 rN 3 2
c0538 r25 3 3
c0812 r36 3 3
c1022 r37 4 2
c0007 r38 3 3
c0975 r31 3 3
c0983 r27 3 3
c0118 r51 3 3
c0088 rB 3 3
c0257 rD 3 3
c0512 rF 3 3
c0191 rG 3 3
c1074 rA 3 3
c0897 rL 3 3
c0722 r50 3 3
c1066 r52 4 0
c0061 rDS1 3 3
c0808 rDS2 3 3
c0428 rN 3 3
c0044 rR 2 3
c0730 r36 1 4
c0812 r36 3 4
c0789 r37 3 4
c0794 r31 3 4
c0534 r27 3 4
c0062 r51 3 4
c0129 rB 3 4
c0191 rD 3 4
c0430 rF 3 4
c0113 rL 1 4
c0023 rA 3 0
c0203 rL 3 4
c0932 r50 3 4
c0479 r52 3 4
c0980 rDS2 3 4
c0496 rR 3 4
c0015 r25 4 0
c0056 rF 4 0
c0074 r27 4 0
c0932 r51 4 0
c0047 rB 4 0
c0432 rD 4 0
c0980 rDS2 4 0
c0998 rG 4 0
c0537 rA 4 0
c0515 rL 4 0
c0975 r50 4 0
c0737 r52 4 1
c0789 r37 4 0
c0127 rB 0 0
c0206 rN 4 0
c0213 rDS1 4 0
c1062 r25 4 1
c0020 r27 4 1
c0963 r51 4 1
c0795 rB 4 1
c0746 rB 1 1
c0520 rF 4 1
c0110 rG 4 1
c0129 rA 4 1
c0980 rL 4 1
c0428 rN 0 1
c0195 r50 4 1
c0211 rN 4 1
c1074 rR 4 1
c0723 r36 4 2
c0127 rB 3 2
c0238 r38 1 1
c0955 r31 4 2
c1077 r27 4 2
c0024 r51 4 2
c0221 rB 4 2
c0980 rD 4 2
c0455 rF 4 2
c0746 rG 4 2
c0110 rA 4 2
c0737 rL 4 2
c0963 r50 4 2
c0812 r37 2 2
c0443 rDS2 4 2
c0537 r37 0 1
c0883 r36 4 3
c0530 r37 4 3
c0795 r27 4 3
c0108 rDS1 4 3
c0058 rB 4 3
c1001 rD 4 3
c0232 rF 4 3
c0131 rG 4 3
c0193 rA 4 3
c0203 rL 4 3
c0807 r52 4 3
c0127 r36 1 3
c0009 r38 4 1
c0058 r50 4 4
c0178 r27 4 4
c0983 rDS1 4 4
c0217 rB 4 4
c0478 rD 4 4
c0088 rF 4 4
c0201 rG 4 4
c0512 rA 4 4
c0133 rL 4 4
c0812 r52 4 4
c1072 rDS1 0 1
c0730 rDS2 2 3
c0444 r25 0 0
