CBC-LIB-StoLibSta rL 0 0
LET-STO-StoMed2 rC1 1 0
LET-CLE-Glo rM 3 0
LET-GEO-Geo2 rN 3 4
CBC-LIB-StoBib r10 0 1
LET-ITA-LinIta rL 3 3
CBC-ART-StoRes rC1 3 1
CBC-ARC-LinLat r1 0 2
LET-CST-EpiLat r10 0 2
CBC-ART-StoRes rC1 0 2
CBC-ART-SocArt rL 2 3
CBC-ARC-Geo1 r1 0 3
CBC-LIB-Cod r10 0 3
LET-STO-StoMed2 rC1 3 2
CBC-LIB-PalLat rL 0 3
LET-CLE-Glo rM 0 3
LET-CLE-FilCla rO 0 3
LET-ITA-EleLinGenFil r10 0 4
CBC-ART-MatCarCosResEdiSto rL 2 2
CBC-ARC-MatTecAppArc rM 0 4
CBC-ARC-Palantro rO 1 1
LET-ITA-LetIta2 r1 3 2
CBC-ARC-MatTecAppArc rM 1 2
LET-CLE-LinGre r1 0 0
CBC-ARC-Geo1 rM 1 0
LET-CLE-FilCla rO 1 4
LET-ITA-EleLinGenFil r1 1 1
CBC-LIB-InfDoc r10 1 1
CBC-ARC-ArcCriMed rN 0 1
CBC-LIB-Arc r1 2 1
CBC-ART-ArcStoArtMusA rM 1 1
LET-CLE-LinLetGre2 rC1 2 1
CBC-ART-StoArcCon r10 1 2
CBC-ART-StoDisGra rC2 5 1
CBC-LIB-Cod rL 1 2
CBC-ARC-TopRilMonAnt rL 3 2
CBC-ART-StoProArtCulMatMed rVL 1 2
CBC-LIB-Arc rO 1 2
LET-STO-StoMed1 r1 1 3
CBC-ART-MatCarCosResEdiSto r10 1 3
LET-CLE-LinLetGre2 rC1 1 3
CBC-ARC-EtrAntIta rC2 1 3
CBC-ARC-TopRilMonAnt rL 1 3
CBC-LIB-ArcSpe rN 0 2
CBC-LIB-Cod r10 1 4
LET-CLE-LinLetGre2 rC1 0 4
CBC-LIB-Arc rL 1 4
LET-CLE-LinGre rN 3 1
LET-STO-StoMed1 r1 2 0
CBC-ARC-ArcCla2 rC1 1 2
CBC-ART-MatCarCosResEdiSto rL 2 0
LET-STO-StoMed2 rM 2 4
LET-ITA-LetIta2 r1 0 4
LET-CLE-LinLat r10 2 1
CBC-ART-StoArcMed r1 0 1
LET-CLE-FilCla rO 2 2
CBC-ARC-MatTecAppArc rL 2 1
CBC-ART-EleInfSciCatBenCul rC2 5 0
CBC-LIB-StoLibSta r1 5 0
LET-ITA-EleLinGenFil r10 2 2
LET-CLE-Glo rM 2 2
CBC-ART-StoTecFot rM 1 4
CBC-ART-StoTecArt rVL 0 4
CBC-LIB-InfDoc rM 0 2
LET-GEO-Geo1 r10 5 0
CBC-LIB-ArcSpe rN 5 0
LET-GEO-Geo1 r1 1 2
CBC-ART-StoMus r10 2 4
LET-CST-EpiLat r10 2 3
CBC-ART-StoRes rL 2 4
CBC-ART-StoCriCin rC1 2 4
CBC-ART-StoArcMed r1 1 4
LET-GEO-StoCriCin rVL 2 4
LET-CST-StoRom rM 2 3
LET-GEO-Geo2 rN 2 3
CBC-ART-StoTecArt rVL 1 1
LET-FIL-Est r1 3 5
CBC-ART-StoArcMed r1 2 5
CBC-ARC-Palantro rO 3 4
CBC-ART-StoCriCin rC1 4 2
LET-FIL-StoSci rM 4 0
CBC-ART-StoProArtCulMatMed rVL 0 1
CBC-LIB-PalLat rL 1 0
CBC-LIB-StoBib r1 1 0
CBC-ARC-EtrAntIta rC2 2 0
CBC-LIB-StoLibSta rL 3 5
CBC-ART-StoCriCin r10 3 1
CBC-ART-StoTecArt rVL 3 1
LET-CST-StoGre rL 3 1
CBC-ART-StoMus rM 3 1
CBC-ART-ArcStoArtMusA r10 5 1
LET-GEO-StoCriCin rO 3 2
LET-ITA-LinIta r1 4 4
LET-GEO-Geo1 r10 3 2
CBC-ART-EleInfSciCatBenCul rC2 4 1
CBC-ARC-Geo1 rM 3 2
CBC-ART-StoMus r1 3 0
CBC-ARC-LinLat r10 3 3
CBC-ARC-EtrAntIta rC2 3 1
LET-CST-StoRom rM 3 3
CBC-ART-StoTecFot rN 3 3
CBC-ART-EleInfSciCatBenCul rC2 0 3
LET-GEO-Geo2 rN 4 3
CBC-ART-ArcStoArtMusA r10 2 5
CBC-ART-SocArt rL 1 1
LET-CST-StoRom rM 3 4
CBC-LIB-ArcSpe rN 3 2
LET-CST-EpiLat r10 4 4
CBC-ARC-ArcCla2 rC1 0 1
CBC-ART-StoDisGra rC2 0 4
LET-FIL-Est r1 2 3
LET-FIL-StoSci rM 3 5
CBC-ART-StoProArtCulMatMed rVL 2 1
LET-FIL-Est r1 3 4
LET-CST-StoGre rL 4 0
CBC-LIB-InfDoc rM 5 0
CBC-ART-SocArt rN 4 0
CBC-ART-StoCriArt rC2 3 0
CBC-ART-StoArcCon r10 4 1
CBC-ARC-ArcCla2 rC1 4 4
CBC-ART-StoCriArt rC2 2 3
LET-CST-StoGre rL 4 1
LET-FIL-StoSci rM 4 1
CBC-ARC-ArcCriMed rN 2 4
LET-ITA-LetIta2 r1 4 2
LET-CLE-LinLat r10 3 0
CBC-ART-StoTecFot rM 4 2
LET-GEO-StoCriCin rO 4 2
CBC-ART-StoCriArt rC2 4 2
LET-ITA-LinIta r1 2 2
CBC-ART-StoDisGra rC2 4 3
CBC-ARC-TopRilMonAnt rM 4 3
CBC-ARC-Palantro rM 0 1
LET-STO-StoMed1 r1 3 1
CBC-LIB-StoBib r10 3 4
CBC-LIB-PalLat rL 5 1
CBC-ART-StoArcCon rM 2 1
CBC-ARC-ArcCriMed r1 4 1
