c1089 rA 0 0
c0439 r36 0 0
c0484 rD 3 1
c0516 r38 2 1
c0452 r27 0 0
c1027 rB 0 0
c0281 rA 2 0
c0212 rF 4 3
c0422 r25 4 0
c0767 rD 0 0
c0051 rL 0 0
c0519 rF 0 0
c0806 r52 0 0
c1033 rL 4 1
c0823 r36 4 1
c0184 rD 0 1
c0026 rF 0 1
c0450 rG 0 1
c0059 rA 0 1
c0180 rB 0 1
c0422 rDis 0 1
c1031 rEr1 0 1
c0836 rEr2 0 1
c0806 r52 2 3
c0768 r36 0 2
c0793 r38 2 2
c0826 r37 0 2
c0189 rB 0 2
c0820 rD 0 2
c0261 rG 0 2
c0101 rA 0 2
c0216 rL 0 2
c0484 r34 4 2
c0793 r37 0 3
c1067 r52 0 3
c0051 rL 2 3
c0463 rD 0 3
c0935 rF 0 3
c0199 rG 0 3
c0281 rA 0 3
c0429 rL 0 3
c0109 rD 3 3
c0091 rEr1 0 3
c0836 rEr2 0 3
c1068 r34 0 4
c0824 r27 0 4
c0462 rB 0 4
c1009 rF 0 4
c0216 rG 0 4
c0429 rA 0 4
c0109 rL 0 4
c0231 rDis 0 4
c0516 rEr1 0 4
c0011 r38 0 0
c0442 r37 1 0
c1068 r25 2 0
c1089 r27 1 0
c0105 rB 1 0
c1009 rD 1 0
c1031 rF 1 0
c0247 rG 1 0
c0519 rA 1 0
c1027 rG 2 0
c0826 r37 3 2
c0806 rN 1 0
c0026 r52 1 0
c1074 r34 4 1
c0816 r25 1 1
c0011 r38 1 1
c1058 r27 4 0
c0212 rB 0 3
c0059 rD 4 1
c0199 rF 1 1
c0935 rG 1 1
c0452 r27 2 4
c1180 rL 1 2
c0600 rDis 1 1
c0803 rA 1 1
c0231 rB 1 1
c0495 r25 4 1
c0446 r37 1 1
c0027 r25 1 2
c1068 rL 3 0
c0718 r27 1 2
c1009 rD 1 2
c0185 rB 3 2
c0080 rF 1 2
c0073 rA 1 2
c0199 rB 2 2
c0513 rEr2 1 2
c0830 r38 1 3
c0533 rA 1 3
c0200 rD 3 2
c0495 r25 1 3
c0185 rG 1 3
c0231 rB 4 3
c0935 rL 1 3
c0247 rDis 1 3
c0513 rEr2 1 3
c0821 rN 1 3
c1020 r25 3 0
c0006 r36 1 4
c0261 rB 1 4
c0059 rD 1 4
c0215 rF 1 4
c0105 rB 2 4
c0200 rD 0 4
c0243 rL 1 4
c0803 rDis 1 4
c0820 r52 1 2
c0768 rEr1 1 4
c0768 r36 3 0
c1057 r37 4 3
c1089 r27 2 0
c0216 rB 2 0
c0935 rD 2 0
c1031 rF 2 0
c1027 rD 1 1
c0836 rL 2 4
c0073 rF 3 2
c0101 rDis 2 0
c1033 rDis 1 0
c1067 rEr1 3 2
c0018 r52 2 0
c0826 r37 2 1
c1031 rDis 3 1
c0243 rB 2 1
c0180 rD 2 1
c0212 rF 2 1
c0261 rG 2 1
c0462 rA 2 1
c0433 rL 2 1
c0046 rDis 1 2
c1033 rDis 2 1
c0524 rEr1 2 1
c0446 rEr2 2 1
c1067 r52 2 1
c0536 r25 3 2
c1013 rEr1 0 2
c0450 rD 2 2
c0027 rF 0 2
c0427 rA 2 2
c0935 rL 2 2
c0821 rN 2 2
c0513 rEr1 2 2
c0442 rEr2 2 2
c0484 r34 1 0
c0073 r27 2 3
c0109 rB 2 3
c1074 r34 2 3
c0220 rF 2 3
c0185 rG 2 3
c0450 rA 2 3
c1013 rEr1 1 3
c0440 r37 2 3
c1020 rN 2 3
c0513 rEr1 2 3
c0772 rN 4 4
c0006 r36 2 4
c0524 r34 4 4
c0495 r25 2 4
c0767 rD 2 4
c1013 rF 2 4
c0422 rDis 2 4
c0803 rA 2 4
c0184 rD 4 4
c0513 rEr1 2 4
c1020 r25 0 4
c0446 r37 1 2
c1033 rDis 0 0
c0433 rEr2 1 4
c1027 rB 3 0
c0935 rD 3 0
c0463 rF 3 0
c0064 rEr1 2 0
c0097 rA 3 0
c0519 rDis 4 0
c0824 r36 2 0
c0772 rN 2 4
c1089 rG 3 0
c0600 r52 0 2
c1057 r37 0 1
c0830 r38 3 1
c0281 rB 3 1
c0824 r25 3 1
c0097 rF 3 1
c0220 rG 3 1
c0027 rA 3 1
c0718 rL 3 1
c0064 r27 1 3
c1089 r27 3 1
c1033 rEr1 3 1
c0513 rEr2 3 1
c0101 rA 3 2
c0463 rF 2 2
c0220 rG 3 2
c0228 rL 0 1
c0018 r52 4 2
c0439 r36 1 3
c1058 r27 2 2
c0820 r52 3 2
c0772 r25 3 3
c0474 rB 3 3
c0533 rF 3 3
c0189 rG 3 3
c0427 rA 3 3
c1180 rL 3 3
c0821 rN 3 3
c0046 rDis 3 3
c0442 rEr2 3 3
c0006 r36 3 4
c0018 r27 3 3
c0793 r38 3 4
c0215 rD 3 4
c0767 rG 3 4
c0429 rA 3 4
c1058 r27 3 0
c0462 rB 3 4
c0439 rN 3 4
c1057 r37 3 4
c0536 rDis 2 3
c0080 r37 4 0
c0830 r38 4 0
c1031 rG 4 0
c0051 rB 4 0
c0243 rD 4 0
c0097 rF 4 0
c0215 rG 4 1
c1027 rA 4 0
c0099 rG 0 0
c0519 rL 2 0
c1033 rL 4 0
c0433 rEr2 3 0
c0064 r52 3 1
c0823 r36 0 3
c1074 r34 3 3
c1089 rEr1 4 1
c0099 rB 4 1
c0600 r52 4 1
c0427 rF 4 1
c0184 rG 2 2
c1027 rA 4 1
c0440 r36 3 1
c0519 rDis 4 1
c1031 rN 4 1
c0050 rEr2 4 1
c0816 r25 4 3
c0180 rB 1 2
c0046 rD 4 2
c1180 rF 4 2
c0099 rG 1 2
c0533 rA 4 2
c0228 rL 4 2
c0474 rDis 4 2
c0091 rEr2 4 2
c0718 r36 4 3
c0050 r27 4 3
c0011 r38 4 3
c0474 rDis 4 3
c0080 rF 3 4
c0200 rD 4 3
c0105 rA 4 3
c0452 rL 4 3
c0228 rB 1 3
c0524 rEr1 4 3
c0816 r25 2 3
c0440 r37 4 2
c0823 r27 1 4
c0247 rDis 4 4
c0189 rF 4 4
c0050 rEr2 4 4
c0536 rL 1 1
c0091 rEr2 2 4
c0516 rEr1 1 1
c0026 r52 4 4
