LinTed1 rM 0 5
AlfInf rL 4 4
LetIta1 rA 0 0
LetIta1 rA 0 1
LetIta1 rA 1 3
FilTesItaCS r10 1 1
FilTesItaCS r10 1 2
FilTesItaCS r10 3 1
LinGreA rL 0 5
LinGreA rL 1 1
LinGreA r10 2 1
LinLatA rL 0 2
LinLatA rM 2 5
LinLetGre1 rC1 0 2
LinLetGre1 rB 4 4
LinLetGre1 rA 4 5
LinLetLat1 rA 0 5
LinLetLat1 rA 1 1
LinLetLat1 rA 2 0
LetCriAnt rB 1 5
LetCriAnt r15 2 5
LetCriAnt rB 4 5
Papiro rA 0 3
Papiro rA 1 0
Papiro rA 2 3
EpiGre r10 2 2
EpiGre rB 3 4
EpiGre r10 4 2
StoMod1 rA 0 4
StoMod1 rA 1 2
StoMod1 rA 2 1
StoCon rA 1 5
StoCon rA 2 2
Geo2 r15 0 1
Geo2 r14 1 3
Geo2 r14 4 0
AntCul1 rA 1 4
AntCul1 rA 3 1
AntCul1 rA 4 4
StoFil1 rB 0 4
StoFil1 rB 1 0
StoFil1 rB 1 2
StoCriChi rM 0 1
StoCriChi rL 1 3
StoCriChi rM 3 2
StoSci r10 0 3
StoSci r15 0 5
StoSci rL 4 3
MetRicArc rL 0 3
MetRicArc rO 2 2
MetRicArc rC1 2 5
ArcCla1 rB 3 2
ArcCla1 rB 3 3
ArcCla1 rB 4 1
LinLatB rM 1 1
LinLatB rB 3 1
LinLatB rA 5 1
Numism r10 0 2
Numism rL 1 4
Numism r10 3 3
PrePro rM 4 0
PrePro rC1 4 3
PrePro rC1 5 0
StoVicOriAnt r14 2 5
StoVicOriAnt rM 3 0
StoVicOriAnt rL 4 0
ArcEge r14 0 0
ArcEge r15 2 1
ArcEge rL 4 1
FilSem r14 1 1
FilSem rM 4 3
FilSem r15 5 1
LegBenCul1 rB 4 0
LegBenCul1 rA 4 2
Bibeco r10 1 4
Bibeco r10 2 4
Bibeco rB 3 5
ConBenArcLib rM 2 2
ConBenArcLib r15 3 0
ConBenArcLib r14 3 4
ResBenArcLib rB 3 0
ResBenArcLib rA 3 2
ResBenArcLib rA 4 1
InfArcBib r10 2 3
InfArcBib rB 2 5
InfArcBib rB 5 0
TeoTecCatCla r10 1 3
TeoTecCatCla rB 1 4
TeoTecCatCla r10 4 3
StoArtMed1 rA 3 3
StoArtMed1 rA 3 4
StoArtMed1 rB 4 2
IcoIcoA rB 0 2
IcoIcoA r10 2 0
IcoIcoA rB 2 2
IcoIcoB r10 3 0
IcoIcoB rL 4 2
IcoIcoB r10 5 5
StoArtMod1 rB 0 3
StoArtMod1 r10 1 0
MetRicStoArt r10 3 4
MetRicStoArt r10 5 0
MetRicStoArt rB 5 1
StoArtLatAmeA rB 0 5
StoArtLatAmeA rB 1 1
StoArtLatAmeA rB 1 3
StoArtCon1 rB 2 3
StoArtCon1 rM 3 4
StoArtCon1 rA 4 0
PsiArt r10 3 2
PsiArt r15 3 3
PsiArt r15 4 2
ArcPae rA 3 5
LetIta4CS r14 2 1
LetIta4CS rC1 3 0
LetIta4CS r14 5 1
StoGreCS r10 0 1
StoGreCS rA 0 2
StoGreCS rM 1 2
StoMedCS r10 4 1
StoMedCS rA 4 3
StoMedCS r10 5 1
BioArcCS rL 1 5
BioArcCS rM 2 0
BioArcCS rC1 2 2
Antrop rL 0 4
Antrop rO 1 2
Antrop rO 1 4
LegBenCul2 rB 0 0
LegBenCul2 rB 0 1
LegBenCul2 rB 4 3
StoArtMed2CS r10 3 5
StoArtMed2CS r10 4 0
StoArtMed2CS rL 4 5
ChiAppBenCul rM 0 2
ChiAppBenCul rC1 1 1
ChiAppBenCul r14 1 4
StoArc r14 0 4
StoArc rC1 0 5
StoArc r15 3 5
StoArt rM 1 0
StoArt rM 1 3
StoArt r10 2 5
FonSocAntCulI rB 2 4
FonSocAntCulI rA 3 0
FonSocAntCulI rA 5 0
Bibgra rC1 1 4
Bibgra rA 2 4
Bibgra rA 2 5
BibgraCS rM 1 4
BibgraCS rM 2 4
BibgraCS rL 2 5
