c0416 r25 1 2
c0491 rF 0 0
c0953 r51 0 0
c0218 rA 2 0
c0112 rDS1 0 0
c0226 rL 3 0
c0271 rDS1 1 2
c0149 rA 0 0
c0162 rL 0 0
c0866 r52 0 0
c0869 rN 0 0
c0856 rDS2 0 0
c0501 r36 0 0
c0798 r25 3 4
c0947 r25 4 2
c1044 r31 0 1
c0845 r27 0 1
c0814 r51 0 1
c0933 rB 0 1
c0104 rL 0 1
c0112 rDS1 1 1
c0179 rG 1 0
c0057 rF 0 3
c0741 rD 4 1
c0882 r36 0 1
c0224 rDS1 3 1
c0825 rN 0 1
c0985 r36 0 2
c0869 r37 0 2
c1044 r38 0 2
c0884 r51 0 2
c0741 rB 0 0
c0012 rA 1 3
c0856 rF 0 2
c0116 rG 0 2
c0254 rA 0 2
c0226 rL 0 2
c0773 r31 0 2
c1007 rDS1 2 2
c0409 r36 0 3
c0947 r37 0 1
c0773 r31 0 3
c0978 r51 0 3
c0510 rB 0 3
c0441 rD 0 0
c0745 rF 3 3
c0055 rG 0 3
c0196 rD 0 3
c0181 rG 2 3
c0972 r50 0 3
c0985 r52 0 1
c0148 rDS1 0 3
c0012 rDS2 0 3
c0798 rN 0 3
c0866 rG 4 4
c0869 r27 0 4
c0953 r51 3 3
c0149 rB 0 4
c0114 rD 1 2
c0196 rF 0 4
c0227 rG 0 4
c0181 rA 0 4
c1007 rL 0 4
c0972 r50 0 4
c0978 r52 0 4
c0224 rDS1 0 4
c0985 r36 3 4
c0884 r25 0 1
c0882 r37 1 3
c0856 r38 2 3
c0969 r51 1 0
c0098 rB 1 0
c0198 rD 1 0
c0053 rF 1 0
c0745 rA 0 3
c0210 rA 1 0
c0224 rL 1 0
c0953 r50 2 3
c0107 rDS1 1 0
c0409 rDS2 1 0
c0825 rN 1 0
c0828 r25 1 1
c0969 r51 1 1
c0884 r38 1 1
c0899 r27 1 1
c0045 rB 1 1
c0223 rD 1 1
c0163 rF 1 1
c0741 rG 1 1
c0177 rA 1 1
c0104 rL 1 1
c0249 r50 1 1
c0060 rB 2 1
c0884 r38 1 2
c0773 r31 1 3
c0233 rDS1 0 2
c0130 rB 1 2
c0856 rR 1 2
c0456 rF 1 2
c0486 rG 1 2
c0214 rA 1 2
c0057 rL 1 2
c0947 r37 1 2
c0882 r52 1 2
c0869 rN 1 2
c0035 r25 1 3
c0972 r50 1 3
c1044 r51 1 3
c0060 rB 1 3
c0196 rD 1 3
c0233 rF 1 3
c0741 rG 1 3
c0014 r37 3 3
c0214 rL 1 3
c0978 r52 1 3
c0510 rDS1 1 3
c0953 rDS2 1 1
c0866 rN 1 3
c0947 rR 1 3
c0491 r25 2 3
c0869 r27 0 3
c0884 r51 1 4
c0060 rD 0 4
c0866 rD 1 4
c0741 rG 1 4
c0510 rB 1 4
c0014 rA 1 4
c0227 rL 1 4
c0969 r50 4 1
c0104 rDS1 3 0
c0978 r52 1 4
c0798 r36 2 0
c0456 r51 2 0
c0117 rB 2 0
c0214 rD 2 4
c0441 rF 2 0
c0045 rG 2 0
c0254 rA 0 1
c0053 rL 2 0
c0850 r50 4 2
c0409 rL 4 3
c0162 rDS1 2 0
c0738 rDS2 2 0
c0866 r25 2 1
c0985 r36 2 1
c0035 r52 2 1
c1044 r51 2 1
c0457 r50 0 1
c0510 rD 2 1
c0179 rF 2 1
c0223 rG 2 1
c0150 rA 2 1
c0741 rL 2 1
c0953 r50 2 1
c0233 rDS1 2 1
c0972 rDS2 2 1
c0869 rN 2 1
c0506 r36 2 2
c0985 r27 1 0
c0112 rB 2 2
c0972 rD 2 2
c0850 rF 2 2
c0420 rG 2 2
c0149 rA 2 2
c0052 rL 2 2
c0953 r50 2 2
c0814 r51 2 2
c0456 rF 3 2
c0036 rN 1 4
c0869 rN 2 3
c0196 r27 2 3
c0969 r51 2 3
c0498 rB 0 2
c0116 rD 2 3
c0013 rF 2 3
c0162 rD 4 3
c0210 rA 2 3
c0441 rL 2 3
c0882 r52 2 3
c0486 rDS1 2 3
c0527 r25 3 3
c0670 rR 2 3
c0969 r51 2 4
c0825 rN 2 4
c0845 r27 2 4
c0901 rB 2 4
c0486 rF 2 4
c0420 rG 2 4
c0098 rA 4 0
c0107 rDS1 2 4
c0457 r50 2 4
c0014 rDS2 2 4
c0527 r36 2 4
c0498 r31 2 1
c0196 rF 1 4
c0163 rB 3 0
c0828 rD 3 0
c1007 rF 3 0
c0177 rD 2 0
c0052 rA 3 0
c0969 r50 3 3
c0899 r52 3 0
c0223 rG 3 0
c0416 r25 3 1
c0985 r36 3 1
c0012 r37 2 2
c1044 r38 3 1
c0814 r51 4 1
c0882 r37 3 1
c0271 rB 3 1
c0116 rL 3 3
c0177 rF 3 1
c0227 rG 3 1
c0130 rA 3 1
c0098 rL 3 1
c0457 r50 3 1
c0035 r52 3 1
c0738 rDS2 3 1
c0506 r36 3 2
c0866 r52 3 2
c0814 r51 3 2
c0179 rB 3 2
c0420 rD 3 2
c0036 r25 3 2
c0738 rDS2 3 2
c0148 rA 3 2
c0055 rL 3 2
c0510 rDS1 3 2
c0884 r38 3 3
c0828 r25 0 3
c0866 r52 3 3
c0856 r31 3 3
c0972 rDS2 3 3
c0053 rB 3 3
c0163 rD 3 3
c0465 rL 0 3
c0249 rG 3 3
c0978 rA 3 3
c0094 rB 2 3
c0045 rDS1 3 3
c0527 r36 4 0
c0013 r37 3 4
c0884 r38 3 4
c0856 r31 3 4
c0254 rB 3 4
c0036 r25 2 2
c0901 rF 3 4
c0181 rG 3 4
c0117 rA 3 4
c0094 rL 3 4
c0506 r50 3 4
c0465 rDS1 3 4
c0947 rR 3 4
c0670 r25 3 0
c1044 r31 1 0
c0985 r27 4 0
c0441 rB 4 0
c0130 rD 4 0
c0117 rF 4 0
c0969 rG 4 0
c0198 rG 0 0
c0094 rL 4 0
c0882 r52 4 0
c0218 rDS1 0 1
c0856 rR 4 0
c0947 r25 4 1
c0882 r36 4 1
c0901 rB 4 1
c0745 rB 4 2
c0510 rF 4 1
c0210 rG 4 1
c0114 rA 4 1
c0249 rL 4 1
c0899 r52 4 1
c0107 rDS1 4 1
c0013 rR 0 1
c0933 r36 1 2
c0498 r51 4 2
c0150 rDS1 4 2
c0218 rG 3 2
c0057 rF 4 2
c0226 rL 4 2
c0052 rA 4 2
c0972 rDS2 2 3
c0978 r52 4 2
c0670 rR 4 2
c0798 rN 4 3
c0501 r37 2 3
c0465 rB 4 3
c0055 rG 4 3
c0441 rF 4 3
c0947 rR 3 1
c0271 rA 4 3
c0850 r50 1 0
c0978 r52 4 3
c0150 rDS1 4 3
c0814 r51 4 4
c0798 rN 4 4
c0501 r36 1 4
c0845 r27 3 1
c0416 rB 4 4
c0198 rD 4 4
c0491 rF 4 4
c0953 r50 3 0
c0148 rA 4 4
c0114 rD 3 4
c0933 rDS1 4 4
c1044 r38 4 4
