c0012 r51 2 4
c0012 r38 3 2
c0012 rD 4 4
c0013 r31 1 1
c0013 r25 1 3
c0013 rDS2 4 3
c0014 r52 0 3
c0014 r52 0 4
c0014 rG 1 0
c0035 rDS2 1 0
c0035 r27 2 3
c0035 r36 3 2
c0036 rDS2 0 2
c0036 r31 0 3
c0036 rF 4 3
c0045 rG 0 2
c0045 rG 1 1
c0045 rDS1 3 1
c0052 rD 3 0
c0052 rG 3 1
c0052 rD 4 2
c0053 rF 0 0
c0053 rA 0 2
c0053 rF 1 1
c0055 rDS1 0 3
c0055 rB 2 3
c0055 rF 4 1
c0057 rA 0 1
c0057 rD 2 2
c0057 rA 2 4
c0060 rD 2 1
c0060 rD 3 2
c0060 rD 3 3
c0094 rDS1 0 4
c0094 rDS1 1 4
c0094 rG 2 1
c0098 rA 1 1
c0098 rA 1 4
c0098 rA 3 3
c0104 rL 0 4
c0104 rD 1 2
c0104 rL 4 3
c0107 rDS1 1 3
c0107 rDS1 2 4
c0107 rB 3 1
c0112 rF 0 2
c0112 rDS1 2 0
c0112 rDS1 2 3
c0114 rF 0 3
c0114 rB 2 4
c0114 rA 4 0
c0116 rA 2 2
c0116 rB 3 4
c0116 rA 4 4
c0117 rF 0 1
c0117 rB 2 1
c0117 rL 4 1
c0130 rF 2 3
c0130 rF 2 4
c0130 rB 3 0
c0148 rB 0 3
c0148 rL 1 1
c0148 rG 2 3
c0149 rA 1 3
c0149 rA 3 0
c0149 rB 4 1
c0150 rB 0 4
c0150 rL 3 4
c0150 rL 4 4
c0162 rL 0 0
c0162 rD 1 0
c0162 rL 2 2
c0163 rD 0 2
c0163 rL 2 0
c0163 rL 2 1
c0177 rG 0 0
c0177 rG 3 4
c0177 rD 4 0
c0179 rL 1 3
c0179 rD 0 4
c0179 rF 2 0
c0181 rL 2 4
c0181 rD 4 3
c0181 rF 4 4
c0198 rB 0 2
c0198 rA 2 1
c0198 rB 3 3
c0210 rB 1 0
c0210 rF 3 2
c0210 rF 4 0
c0214 rD 0 3
c0214 rG 2 4
c0214 rD 4 1
c0218 rDS1 0 2
c0218 rD 1 3
c0218 rB 4 2
c0223 rA 1 0
c0223 rB 1 4
c0223 rDS1 2 1
c0224 rB 0 1
c0224 rL 2 3
c0224 rL 3 3
c0226 rB 0 0
c0226 rA 3 4
c0226 rF 4 2
c0227 rB 2 2
c0227 rA 2 3
c0227 rL 3 0
c0233 rA 0 0
c0233 rF 1 2
c0233 rG 1 3
c0249 rG 1 2
c0249 rDS1 3 4
c0249 rB 4 4
c0254 rL 0 3
c0254 rB 1 3
c0254 rG 2 2
c0271 rD 0 0
c0271 rD 1 4
c0271 rB 4 3
c0409 r52 0 1
c0409 r52 4 2
c0409 r27 4 3
c0416 rL 1 0
c0416 rD 1 1
c0416 r50 2 2
c0420 rG 2 0
c0420 rG 3 3
c0420 rA 4 1
c0441 r36 2 1
c0441 r38 2 3
c0441 r52 4 0
c0447 r52 1 1
c0447 r51 0 2
c0447 rA 3 2
c0456 rF 1 3
c0456 rF 1 4
c0456 rF 2 1
c0457 r50 0 2
c0457 r51 0 3
c0457 rG 3 0
c0465 rL 1 2
c0465 rL 4 0
c0465 rDS1 4 4
c0486 rA 1 2
c0486 r25 1 4
c0486 r25 2 1
c0491 rN 1 4
c0491 rA 3 1
c0491 r25 4 3
c0498 r51 0 0
c0498 r51 1 1
c0498 r31 4 1
c0501 r36 1 1
c0501 r36 2 3
c0501 r27 3 2
c0506 r36 2 4
c0506 rDS1 3 0
c0506 rDS1 3 2
c0510 r50 0 3
c0510 rL 1 4
c0510 r52 2 3
c0510 r27 2 4
c0510 rL 3 2
c0510 r38 3 3
c0527 r36 1 0
c0527 r25 1 1
c0527 rB 1 2
c0670 r25 0 2
c0670 r36 0 3
c0670 rL 3 1
c0738 rD 0 1
c0738 rN 3 1
c0738 r38 3 4
c0745 r38 2 2
c0745 r36 3 3
c0745 rA 4 3
c0773 rN 0 0
c0773 r36 0 2
c0773 r31 1 4
c0814 r50 1 1
c0814 r50 1 2
c0814 r38 2 0
c0814 r38 3 0
c0814 r38 4 2
c0825 r52 2 1
c0825 r38 2 4
c0825 rN 3 3
c0882 r27 0 2
c0882 r37 1 4
c0882 r37 2 0
c0882 r37 2 4
c0882 r27 4 0
c0882 r52 3 1
c0882 rDS1 4 3
c0884 rDS2 0 0
c0884 rD 2 0
c0884 rDS2 2 2
c0884 r51 3 2
c0884 r51 3 3
c0884 r27 4 2
c0884 r51 4 3
c0899 r52 1 0
c0899 r36 2 2
c0899 rN 4 0
c0901 rF 0 4
c0901 rA 2 0
c0901 rD 3 1
c0933 rA 0 3
c0933 rDS2 0 4
c0933 rG 4 2
c0947 r50 0 1
c0947 r51 1 3
c0947 r50 3 1
c0947 r37 3 2
c0947 r25 3 3
c0947 r37 4 4
c0947 r50 4 3
c0953 r50 0 0
c0953 r31 1 3
c0953 rG 1 4
c0953 r31 2 1
c0953 r52 2 2
c0953 rB 3 2
c0953 r52 4 3
c0969 rG 0 1
c0969 r31 0 2
c0969 r31 2 4
c0969 rG 3 2
c0969 r52 3 3
c0969 rG 4 0
c0969 rA 4 2
c0972 r38 0 0
c0972 r37 1 2
c0972 rN 2 2
c0972 r52 3 2
c0972 r25 3 4
c0972 r25 4 1
c0972 r50 4 2
c0978 rDS1 0 1
c0978 rL 0 2
c0978 r51 1 2
c0978 rDS2 1 3
c0978 rDS1 3 3
c0978 r51 3 4
c0978 rDS2 4 0
c0985 r37 1 3
c0985 r51 1 4
c0985 rF 3 3
c0985 r51 4 1
c0985 r31 4 2
c0985 r37 4 3
c0985 r51 4 4
c0991 r36 3 0
c0991 rF 3 1
c0991 rF 3 4
c1007 rDS1 1 0
c1007 rF 3 0
c1007 rDS1 4 0
c1041 rG 0 3
c1041 rA 0 4
c1041 rD 2 4
c1044 rDS2 3 2
c1044 rDS2 3 3
c1044 rDS2 3 4
c1044 rDS1 4 1
c1044 r51 4 2
c1044 rG 4 3
c1044 rG 4 4
c0741 rG 0 4
c0741 rB 1 1
c0741 rB 2 0
c0741 rB 4 0
c0741 rG 4 1
c0741 rL 4 2
c0196 r51 0 4
c0196 rF 1 0
c0196 r51 2 0
c0196 rF 2 2
c0196 rD 2 3
c0196 rD 3 4
c0798 r37 0 0
c0798 r37 0 1
c0798 r38 1 4
c0798 r37 4 1
c0798 r31 4 4
