c0433 rG 0 0
c1033 r27 0 0
c0463 r36 4 2
c0519 r25 1 3
c0281 r51 0 0
c0143 rB 0 0
c0216 rD 0 0
c0128 rF 0 0
c0935 rG 1 0
c0961 rA 0 0
c0957 rL 0 0
c1031 rB 1 1
c0427 r36 0 1
c1057 r31b 4 1
c0949 r27 0 1
c0180 r51 0 1
c0951 r52 0 1
c0202 rD 0 1
c0896 rF 0 1
c1024 rG 0 1
c0137 rA 0 1
c0046 rL 0 1
c0011 r25 2 1
c0965 rDS2 0 1
c0011 r25 0 2
c0951 r52 0 2
c0965 r50 0 2
c0718 r31b 0 2
c0006 rB 0 2
c0243 rD 0 2
c0261 rF 0 2
c0823 r38 0 2
c1057 rA 1 4
c0059 rB 2 2
c0516 rDS1 1 3
c0821 r36 0 3
c0516 r38 0 3
c0767 r27 0 3
c0422 rD 1 4
c0027 r52 0 3
c0533 rD 0 3
c0202 rG 3 3
c0109 rG 0 3
c0951 rA 0 3
c0896 rL 0 3
c0439 r50 0 3
c0820 rDS1 0 3
c0935 rDS2 0 3
c0951 r25 0 4
c0821 r36 0 4
c0898 r31b 3 2
c0085 r27 0 4
c0803 r51 0 4
c0513 rB 0 4
c1041 rD 0 4
c0099 rF 0 4
c0059 rG 0 4
c0185 rA 0 4
c0450 rL 0 4
c0965 r50 3 0
c0027 r52 0 4
c0949 rDS1 0 2
c0961 r50 0 4
c0463 r36 1 0
c1033 rDS1 1 0
c0524 r31b 2 4
c0957 r27 0 2
c0823 r36 2 0
c0793 rB 1 0
c0184 rD 1 0
c0243 rF 1 0
c1013 rA 1 0
c1024 rL 3 0
c0199 rL 0 2
c0533 r50 1 0
c0427 r52 1 0
c0951 r25 1 0
c0959 rDS2 1 0
c0830 r25 1 1
c0536 r36 1 1
c0439 r38 1 1
c0281 r52 1 1
c0485 r37 1 3
c0220 r27 1 1
c1058 rD 1 1
c0051 rF 0 3
c0105 rG 1 1
c0137 rA 1 1
c0216 rL 1 1
c0961 r50 3 2
c0724 r51 3 2
c0462 rDS2 1 1
c0080 r25 1 2
c0442 r38 4 1
c0793 r37 1 2
c0600 r25 4 2
c0228 r51 1 2
c0184 rB 1 2
c0896 rD 1 2
c0452 rF 1 2
c0189 rG 1 2
c1031 rA 3 2
c0816 rL 1 2
c0513 r50 1 2
c0064 r52 1 2
c0495 rDS1 1 2
c1027 rDS2 1 2
c0823 r36 1 3
c0489 r37 4 3
c0949 r27 1 3
c0442 r51 1 3
c0429 rB 1 3
c0137 rD 1 3
c0247 rF 1 3
c0101 rG 1 3
c1013 rF 4 3
c0600 r37 0 3
c0806 r25 2 3
c0951 r52 1 3
c0228 rB 0 1
c0018 rDS2 1 3
c0247 rDS2 2 2
c0417 r37 0 1
c0433 r51 1 4
c0949 rB 1 4
c0600 r25 1 4
c0097 rF 1 4
c1024 rG 1 4
c0018 rDS2 1 4
c0212 rL 1 4
c0091 r27 1 4
c0830 r25 3 4
c0823 r36 1 4
c0489 rDS2 2 0
c1020 r25 2 0
c1033 rDS1 2 0
c0417 r38 2 0
c0957 r27 2 0
c0247 r51 3 1
c0051 rB 2 0
c0185 rD 2 0
c0803 rF 2 0
c0433 rG 2 0
c0881 rA 2 0
c0189 rL 2 0
c0450 r50 2 0
c0073 r52 2 0
c1027 rDS1 0 1
c0484 rB 3 3
c1031 rDS2 0 0
c0793 r38 2 1
c0519 r27 2 1
c0957 r51 2 1
c0485 rB 2 1
c1041 rD 2 1
c1009 rF 2 1
c0101 rG 2 1
c0429 rA 2 1
c0080 rL 2 1
c0961 r50 1 3
c0959 r52 2 1
c0073 rDS1 2 1
c0820 r36 2 3
c0442 r36 2 2
c0536 r37 2 2
c0524 r38 2 2
c0959 r27 2 2
c0228 r51 2 2
c0051 rL 4 2
c0064 rD 2 2
c0180 rF 2 2
c0495 rG 2 2
c0422 r51 4 3
c0184 rL 2 2
c0724 rDS1 2 2
c0965 r52 2 2
c0830 r25 2 2
c1031 rDS1 2 3
c0898 r38 2 3
c0806 r38 1 3
c0231 r51 2 3
c0949 rB 2 3
c0073 rA 1 3
c0027 rF 2 3
c0243 rG 2 3
c0046 rA 0 2
c1024 rL 2 3
c0965 r50 2 3
c0935 r52 2 3
c0429 r51 0 3
c0484 rDS2 2 3
c0519 r37 0 4
c0026 r38 2 4
c0091 r27 2 4
c0099 r51 2 4
c0185 rB 2 4
c0199 rD 2 4
c0046 rB 4 4
c0128 rG 2 4
c0006 rA 2 4
c0836 r37 2 4
c0450 r50 2 4
c0422 rA 3 4
c0481 rDS1 2 4
c0767 rDS2 2 4
c1033 r25 3 0
c1020 r36 3 0
c0836 r37 3 0
c0718 r31b 3 0
c0220 r27 3 0
c0189 r51 3 0
c0105 rB 3 0
c0143 rD 3 0
c0489 rF 3 0
c0803 rG 3 0
c1013 rA 3 0
c0216 rL 1 3
c0481 r52 3 0
c0961 rDS1 3 0
c0524 r38 3 0
c0951 r25 3 1
c0898 r31b 4 3
c0085 r27 3 1
c0836 r37 3 1
c0018 rB 3 1
c1042 rD 3 1
c0101 rF 3 1
c0199 rG 3 1
c1058 rA 3 1
c0154 rF 1 1
c0965 r50 3 1
c0281 r52 3 1
c0484 rDS1 3 1
c1031 rDS2 3 1
c0820 r36 3 2
c1020 r37 3 2
c0440 r36 2 1
c0080 r27 3 2
c0200 r51 1 1
c0881 rB 3 2
c0474 rD 3 2
c0097 rF 3 2
c1058 rG 3 2
c0085 rA 2 2
c0105 rL 3 2
c0481 r38 1 2
c1027 rDS1 3 2
c0957 rDS2 3 2
c0427 r36 3 3
c0806 r38 3 3
c0495 rDS1 3 3
c0440 r27 3 3
c0935 r51 3 3
c0097 rA 2 3
c0767 rD 3 3
c0142 rF 3 3
c0519 r25 3 3
c0200 rA 3 3
c0154 rL 3 3
c0417 r37 3 3
c0050 r52 3 3
c0446 rDS2 3 3
c0026 r38 0 0
c0452 r25 3 2
c0821 r31b 3 4
c0949 r27 3 4
c0935 r52 1 4
c0064 rB 3 4
c0231 rD 3 4
c0212 rF 3 4
c0109 rG 3 4
c0154 rL 2 4
c0474 rL 3 4
c0965 r50 2 1
c0485 r52 3 4
c0533 rDS2 3 4
c0452 r25 4 0
c0823 r36 3 1
c0440 r37 4 0
c1033 r50 4 0
c0949 r27 4 0
c0220 rB 4 1
c0474 rB 4 0
c0109 rD 4 0
c0050 rF 4 0
c0143 rG 4 0
c0059 rA 4 0
c0216 rL 4 0
c0519 r52 4 0
c1027 rDS1 4 0
c0959 rDS2 0 2
c0446 r37 2 0
c0026 r36 4 1
c0513 r27 4 1
c0099 r51 4 1
c0128 rD 4 1
c1009 rF 4 1
c0212 rG 4 1
c0261 rA 4 1
c1042 rL 4 1
c0959 r52 3 2
c0816 r52 4 1
c0957 rDS2 4 1
c0462 r36 0 2
c1057 r50 2 2
c0091 r27 4 2
c0959 r51 4 2
c0142 rA 4 2
c1027 rD 4 2
c1041 rF 4 2
c0006 rG 4 2
c0718 r31b 4 2
c0961 r50 4 2
c0957 rDS2 4 2
c0821 r36 4 3
c0050 r27 4 3
c0536 r51 3 4
c0202 rB 4 3
c0243 rD 4 3
c1042 rF 2 4
c0180 rG 4 3
c0881 rA 4 3
c0463 r25 0 3
c0231 r52 4 3
c0961 rDS1 4 3
c0724 rDS2 4 3
c0516 r38 4 4
c0821 r31b 4 4
c0446 r27 1 2
c0200 r51 4 4
c0011 r25 4 4
c1024 rD 4 4
c1009 rF 4 4
c0816 rG 4 4
c0142 rA 4 4
c0261 rL 4 4
c0462 rD 2 3
c0959 r52 4 4
c0439 r50 4 4
