c299b r36 3 4
c0226 r37 0 0
c0312 r31 3 0
c0301 r27 0 0
c0369 rB 0 0
c0218 rD 0 0
c0381 rG 0 3
c0112 rF 0 0
c0177 rG 0 0
c0063 rA 0 0
c0116 rL 0 0
c0356 r38 1 0
c0365 r52 0 0
c0308 r36 2 0
c0395 r38 0 1
c0481 r37 1 1
c0013 r37 1 4
c0052 rB 0 1
c0286 rD 4 0
c0179 rE 0 1
c0114 rF 0 1
c0348 rG 0 1
c0036 r36 0 1
c0042 rL 0 1
c0579 rDS2 0 1
c0107 rDS1 0 1
c0395 r38 0 2
c0159 r31 2 4
c0632 rD 0 2
c0052 rB 0 2
c0381 rG 0 2
c0348 rF 0 2
c0284 rL 0 2
c0299 r27 0 2
c0481 rDS2 0 2
c0308 r37 1 3
c0363 r52 0 3
c0151 rB 0 3
c309b rD 0 3
c0511 rE 0 3
c0271 rF 0 3
c0114 rL 4 3
c0284 rA 0 3
c0045 rA 0 2
c0356 r36 0 4
c0358 rDS2 3 3
c0055 rB 0 4
c0160 r31 0 4
c0395 r38 0 4
c0632 r36 3 1
c0284 rA 0 4
c0159 r50 0 4
c0353 r52 0 4
c0198 rDS1 0 4
c0012 r36 3 3
c0369 r37 1 0
c0595 r31 1 0
c0457 r27 1 0
c0151 rB 1 0
c0286 rF 0 4
c0365 rE 1 0
c0291 rD 3 3
c0181 rG 1 0
c0094 rA 1 0
c0330 r31 1 4
c0402 r50 1 0
c0226 rDS1 1 0
c0035 r36 1 1
c0012 r31 1 1
c0343 r27 1 1
c0130 rB 1 1
c0286 rF 1 1
c0259 rE 1 1
c0595 r31 0 1
c0057 rDS2 1 1
c0179 rA 1 1
c0348 rL 1 1
c0226 rD 3 1
c0624 rDS1 1 1
c0624 r27 1 2
c0159 r31 1 2
c0223 rB 1 2
c0381 rD 1 2
c0331 r36 1 2
c0160 rE 1 2
c0286 rA 1 2
c0052 rL 1 2
c0330 r50 1 2
c0580 rDS1 1 2
c0352 rDS2 1 2
c0035 r38 1 2
c0160 r31 2 1
c0309 r27 1 3
c0259 rE 1 3
c0358 rDS2 1 3
c0117 rF 1 3
c0104 rG 1 3
c0063 rA 1 3
c0227 rL 1 3
c0364 r50 1 3
c0012 r36 4 0
c0330 r31 3 3
c0381 rD 0 4
c0114 rE 2 4
c0348 rF 1 4
c0580 rD 1 4
c0511 rA 1 4
c0331 r38 3 4
c0198 r52 3 2
c0158 rDS1 1 4
c0299 rDS2 1 4
c0363 r52 2 0
c0042 rB 2 0
c0094 rD 2 0
c0344 rE 2 0
c0309 r27 2 0
c0151 rG 2 0
c0063 rA 2 0
c0179 rL 2 0
c0214 rF 2 0
c0624 rDS1 2 0
c0352 r27 2 1
c0055 rB 2 1
c0291 rD 2 1
c0353 rE 2 1
c0511 rF 2 1
c0210 rG 2 1
c0317 rA 2 1
c0223 rA 0 1
c0045 r52 2 1
c0331 r50 2 1
c0112 rDS2 2 1
c0481 r37 4 3
c0309 r27 2 2
c0271 rD 2 2
c0625 rF 2 2
c0227 rL 2 2
c0098 rG 1 2
c0053 rA 2 2
c0632 r50 2 2
c0158 r52 2 2
c0364 rDS2 2 2
c0158 r52 2 3
c0343 r27 2 3
c0098 rB 2 3
c0363 rD 1 3
c0317 rE 2 3
c0227 rL 0 3
c0457 rA 3 4
c0055 rG 2 3
c0159 r50 2 3
c0624 rDS1 2 3
c0358 rDS2 2 3
c0331 r36 2 2
c0312 r38 1 1
c0254 rB 1 4
c0365 r52 2 4
c0160 rE 2 2
c0286 rF 2 4
c0625 rG 2 4
c0223 rA 2 4
c0035 r36 2 1
c0158 r52 1 3
c0369 r37 2 4
c0579 rDS2 2 4
c0331 r36 1 3
c0356 r37 3 0
c0214 rD 3 0
c0177 rB 3 0
c0107 rDS1 3 0
c0098 rE 3 0
c0625 rF 3 0
c0271 rG 3 0
c0130 rA 3 0
c0365 r52 3 0
c0301 r27 3 0
c0057 rDS2 0 0
c0214 rB 4 1
c0094 r27 3 1
c0181 rB 3 1
c0342 r38 3 1
c0130 rE 3 1
c0369 r37 3 1
c0117 rG 3 1
c0063 rA 3 1
c0284 rL 3 1
c0364 r50 3 1
c0308 rL 1 4
c0198 rDS1 3 1
c0057 rDS2 3 1
c0330 r36 3 2
c0624 r27 3 2
c0259 rB 3 2
c0160 rE 3 2
c0352 rDS2 3 2
c0291 rF 1 2
c0353 rA 3 2
c0218 rD 3 2
c0344 r50 3 2
c0301 rDS1 3 2
c0330 r36 0 3
c0158 r27 0 4
c0352 rB 3 3
c0254 rG 3 3
c0344 rE 3 3
c0045 rF 3 2
c0116 rL 3 3
c0317 rA 3 3
c0353 r52 3 3
c0358 rE 4 4
c0116 rL 2 4
c0356 r31 3 4
c0369 r37 2 3
c0104 rB 3 4
c0055 rD 3 4
c0625 rG 3 4
c0284 rL 3 4
c0363 r52 1 0
c0308 r37 3 4
c0365 rDS2 3 4
c0356 r37 4 0
c0036 r36 3 0
c0112 rDS2 4 0
c0210 rB 4 0
c0291 rD 4 1
c0053 rE 4 0
c0364 r50 4 0
c0177 rG 4 0
c0625 rA 4 0
c0579 rDS2 4 3
c0595 r52 4 0
c0308 r36 4 1
c0395 r38 4 1
c0158 r27 4 1
c0210 rD 0 1
c0301 rDS1 4 1
c0181 rE 4 1
c0402 rF 4 1
c0254 rG 4 1
c0055 rA 4 1
c0348 rL 4 1
c0159 r50 4 1
c0107 r52 4 1
c0042 rL 3 0
c0013 r37 3 2
c0036 r37 4 1
c0342 r38 2 1
c0117 rB 4 2
c0053 rA 4 2
c0291 rE 4 2
c0381 rF 4 2
c0301 r27 4 2
c0063 rL 4 2
c0160 rG 4 2
c0158 rDS1 4 2
c0159 rDS2 4 2
c0402 r50 4 3
c0299 r27 4 3
c0352 rB 4 3
c0013 rD 4 3
c0343 rE 4 3
c0159 rF 4 3
c0160 rG 4 3
c0358 rA 4 3
c0395 r38 4 3
c0353 r52 4 3
c299b r36 4 4
c0342 r38 4 4
c0218 rB 4 4
c0580 rD 4 4
c0104 rE 0 0
c0312 r38 2 2
c0055 rG 4 4
c0457 rA 4 4
c309b rL 4 4
c0363 r52 4 4
c0364 rDS2 4 4
