EcoAzi rH 1 0
ItaScr rH 0 5
StoArcMed rL 0 0
LinGen rDTM 4 4
EpiLat r14 3 5
ArcCla1 r10 0 1
LetCriAnt rH 0 1
Codico r14 0 1
LinGreA rDTM 0 1
SocArt rC1 2 1
LetCriAnt r10 0 2
LinLetGre1 rM 0 2
Geo1 rH 0 2
ProMedCS rC1 0 2
MetRicStoArt rO 0 2
CodicoCS r14 1 2
EcoAzi r10 0 3
FilCla2 r14 0 3
TedUma rO 0 3
InfDoc rH 0 3
ArcStoArtMus rM 0 3
NumismCS rVL 0 3
PapiroCS r14 0 4
Paleoa r15 0 4
EpiLat rVL 0 4
AntCul rH 0 4
StoLibSta rM 0 4
EleInfSciCatBenCulM3 rO 0 4
InfDoc r10 1 0
Cartog r14 3 1
StoAntStaItaCS r15 0 5
Geo1 rH 1 5
StoDisGra rO 0 5
ArcCla2 rHTM 2 1
StoAntStaItaCS r15 1 0
StoTecArtM3 rHTM 1 0
StoCriArt rL 2 0
StoGre rDTM 1 0
MatCarCosResEdiSto rM 2 0
LinLetLat2 rO 1 0
LinLatA rM 4 2
ArcStoArtMus rM 1 1
StoArtCon2CS r15 2 4
Sociol1 rH 1 1
EtrAntIta rVL 1 1
Cartog r14 1 1
StoGre rDTM 1 1
PalLat rHTM 1 1
LinLatB r10 1 2
StoFilCS r15 1 2
ArcMedCS rC1 1 2
AntCul rH 1 2
LinLetGre1 rM 1 2
EleInfSciCatBenCulM3 rDTM 1 2
LinLetLat2 rO 1 2
SocArt r15 0 2
PsiTur r10 1 3
ArchivCS r14 1 3
FonSoc r15 0 3
StoLibSta rC1 1 3
StoCriArt rL 1 3
BioarcCS rO 1 3
TopRilMonAnt r15 1 3
StoProArtCulMatMed rVL 1 3
ArcCla2 r10 1 4
StoTecArtCS rHTM 1 4
LinLetLatCS rC1 1 4
LinLatB r10 4 4
MatCarCosResEdiSto rM 1 4
StoLibSta rO 1 4
FonSoc rDTM 4 1
CodicoCS rHTM 0 3
LabScr rVL 5 0
StoTecFot r10 1 5
StoFilCS r15 1 5
BioarcCS rC1 0 5
Sociol1 rH 2 4
ArcCriMed rL 1 1
StoDisGra rO 1 5
LinLetLatCS r10 0 5
Codico rHTM 1 5
StoGre r10 2 0
StoTecArtM3 rHTM 2 0
StoMed2 rH 2 0
MatCarCosResEdiSto rH 1 3
PapiroCS r14 2 0
StoFriCS rO 2 0
LinLetLat2 rDTM 2 0
Esteti r10 2 1
Codico r14 2 1
StoMod2 rH 2 1
PalLat rL 2 1
MetRicStoArt rM 2 1
Paleoa rO 2 1
StoArt r10 2 2
Paleoa rO 2 2
Archiv r15 2 2
ProMedCS rC1 2 2
StoColIstMus rH 2 2
StoBib rL 2 2
StoMus rDTM 2 2
Esteti r10 0 0
StoLinItaCS r15 4 2
StoColIstMus rH 2 3
ChiResCS r14 2 3
ArcCla1 rM 2 3
StoBib rC1 2 3
EtrAntIta rVL 2 3
FilCla2 r10 2 4
StoArc r14 0 2
Glotto r14 2 4
StoFilMedCS rVL 2 4
StoRes rL 2 4
OrientCS rM 2 4
StoTecArtM12 rM 3 2
LinIta r15 2 5
LogFilMat r15 1 4
GeoTur r10 1 1
StoConCS r14 2 5
EtrAntIta rVL 4 4
StoMod2 r10 3 0
TopRilMonAnt r15 3 0
Esteti rH 3 0
Archiv rM 3 0
ArcClaCS rDTM 3 0
LinGen rDTM 2 3
StoTecArtM3 rHTM 3 0
StoArtMod2CS rVL 3 0
StoRom r10 3 1
ChiResCS r14 3 2
Archiv r15 3 1
EcoAzi rH 3 1
MatTecAppArcM3 rL 3 1
TedUma rO 3 3
StoArtCon2CS rDTM 3 1
StoProArtCulMatMed rVL 3 1
StoLibStaCSM1 rHTM 0 1
TopRilMonAnt r15 3 2
StoBib rC1 3 2
StoMed2 rH 3 2
ArcMedCS rC1 3 1
StoTecArtM12 rM 0 1
StoMus rDTM 3 2
StoModCS rVL 3 2
ArcCriMed r10 3 3
StoConCS r14 3 3
ArchivCS rO 4 3
StoMed2 rH 3 3
ArcVicOriAnt rL 3 3
OrientCS rM 3 3
EleInfSciCatBenCulM3 rDTM 3 3
LinLetGre1 rHTM 3 3
LinIta rVL 3 3
StoCriCin r10 3 4
StoRomCS rL 3 4
PsiTur rH 3 4
ArcVicOriAnt rHTM 0 4
ArchivCS rO 3 4
FonSoc rDTM 3 4
FilTeo rDTM 2 4
LegBenCul2 rH 3 5
LinLatB rH 1 4
StoRomCS rL 4 1
LinLatA rM 3 5
StoArc rO 3 5
FilTeo rDTM 3 5
StoFilMedCS rVL 3 5
StoMod2 r10 4 0
StoLibStaCSM2 r14 0 0
ItaScr rH 4 0
StoArcCon rL 4 4
StoLinItaCS r15 2 3
StoArtMod2CS rO 2 5
ArcClaCS rDTM 4 0
LogFilMat rHTM 2 5
EpiLat rVL 2 5
LinIta r15 4 1
InfDoc rH 4 1
StoFriCS rO 4 1
StoLibStaCSM2 r14 4 1
LetCriAnt r10 4 2
Sociol1 rH 4 2
ArcCla1 rL 3 2
ProMedCS rC1 4 2
StoCriCin r10 4 3
EleInfSciCatBenCulM2 r14 4 4
Geo1 rH 4 3
MatTecAppArcM3 r14 2 2
StoArt rL 2 3
ArcVicOriAnt rHTM 4 3
StoRes rL 1 4
Glotto r14 1 5
LegBenCul2 rH 4 4
StoArcCon rL 0 1
PalLat rHTM 4 4
TedUma rDTM 1 5
StoArt r10 3 5
NumismCS rVL 4 3
PsiTur r10 4 5
StoModCS rVL 4 5
LinGreA rDTM 5 1
StoTecFot rH 4 5
StoRes rL 4 5
FilTeo rM 1 5
Glotto rDTM 0 3
StoLibStaCSM1 rHTM 4 2
StoTecArtM12 rM 4 5
GeoTur r10 5 0
SocArt r15 3 3
StoRom rH 5 0
StoTecArtCS rHTM 5 0
GeoTur r10 4 1
EleInfSciCatBenCulM2 r14 4 3
Cartog r14 5 1
FilCla2 r14 4 5
StoArcMed rL 5 1
LinGen rDTM 1 4
StoArc rO 5 1
