c0969 r36 0 0
c0866 r37 4 3
c0233 r34 0 0
c0947 rEr1 3 1
c0882 r51 0 0
c0179 rF 1 0
c0741 rD 4 2
c0094 rD 3 0
c0226 rD 0 0
c0014 rA 0 0
c0465 r51 1 0
c0884 r52 0 0
c0978 rDS1 4 2
c0798 rN 0 0
c0985 rEr1 3 4
c0844 r25 0 1
c0856 r34 0 1
c0866 r27 0 1
c0933 r51 2 4
c0014 r38 0 1
c0150 rG 0 1
c1007 rF 3 3
c0117 rG 3 1
c0254 rA 3 2
c0036 r38 4 1
c0177 rDS1 4 1
c0854 rA 0 2
c0864 r36 4 2
c0856 r38 0 2
c0815 r27 0 2
c0869 r51 0 2
c0741 rB 0 2
c0179 rD 0 2
c1044 rF 0 2
c0901 rG 0 2
c0224 rA 2 2
c0882 r50 4 2
c0249 r52 0 2
c0114 rDS1 1 3
c0798 rN 0 2
c0869 r36 0 3
c0882 r37 2 1
c0035 r38 0 3
c0828 rN 0 3
c0884 r27 0 3
c0409 r51 0 3
c0117 rB 0 3
c0057 rD 0 3
c0224 rF 0 3
c0271 rG 0 3
c0741 rA 0 3
c0854 r50 1 0
c0972 r52 0 3
c0177 rDS1 0 3
c0898 r34 0 3
c0972 r25 0 4
c0036 r36 0 4
c0869 r37 3 3
c0014 r38 0 4
c0978 rDS2 3 1
c0498 r51 0 4
c0223 rB 0 4
c0181 rD 0 4
c0510 rF 0 4
c0094 rG 0 4
c0163 rA 0 4
c0055 r50 3 3
c0969 r52 0 4
c0227 rDS1 0 4
c0506 rN 3 2
c0013 r50 3 0
c0866 r37 1 0
c0416 r36 3 0
c0060 rB 1 0
c0798 rD 1 0
c0510 r50 2 1
c0150 rG 1 0
c0741 rB 2 1
c0227 rG 4 0
c0196 rDS2 1 0
c0441 rEr1 1 0
c0866 r27 1 1
c0851 r37 1 1
c0745 r25 3 1
c1044 r51 1 1
c0149 rB 1 1
c0510 rD 1 1
c0130 rF 1 1
c0457 rG 1 1
c0181 rA 1 1
c0094 rDS1 1 1
c0447 rDS2 1 1
c0856 r38 1 1
c0814 rEr1 1 1
c0856 r36 1 2
c0882 r37 0 2
c0506 r38 1 2
c0884 r27 3 4
c0527 r51 1 2
c0130 rD 1 2
c0254 rF 0 1
c0045 rG 3 2
c0227 rA 1 2
c1044 r52 1 2
c0104 rDS1 1 2
c0773 rDS2 0 2
c0864 rN 1 2
c0456 rEr1 1 2
c0882 r25 1 3
c0670 r37 1 3
c0844 r38 1 3
c0969 r36 1 3
c0527 r27 1 3
c0486 r51 1 3
c1148 rB 1 3
c0456 rD 1 3
c0226 rF 1 3
c0045 rG 1 3
c0254 rA 1 3
c0055 r50 1 1
c0249 r52 1 3
c0815 rDS2 1 3
c0416 r36 4 0
c0845 rEr1 1 3
c0969 r25 1 4
c0882 r36 1 4
c0745 r38 1 4
c0501 r34 1 2
c1044 r27 1 0
c0271 rB 1 4
c0045 rD 1 4
c0210 rF 1 4
c0901 rA 1 0
c0510 rA 1 4
c0866 r50 1 4
c0012 r51 1 4
c0738 r34 2 0
c0249 r27 2 0
c0501 r51 2 3
c0198 rB 2 0
c0012 rD 2 0
c0850 rF 2 0
c0112 rDS1 0 0
c0149 rA 2 0
c0409 r50 3 4
c0104 rDS1 2 0
c0985 rEr1 0 3
c0196 rG 2 0
c0953 rEr1 0 1
c0416 r36 2 1
c0864 r34 0 2
c0884 r27 2 1
c0012 r51 2 1
c0741 rD 0 1
c1007 rD 2 1
c0098 rF 2 1
c0196 rG 2 1
c0854 rA 2 1
c0465 rDS1 0 1
c0491 r52 1 0
c0060 rDS1 2 1
c0869 rDS2 2 1
c0447 rDS2 2 2
c0866 r27 2 2
c0057 r51 2 2
c0457 rB 2 2
c0226 rD 2 2
c0884 r52 2 2
c0052 rG 2 2
c0741 rA 4 3
c0882 r50 2 2
c0953 rDS1 2 2
c0978 rDS2 0 1
c0864 rN 2 2
c0815 rEr1 2 2
c0844 r25 2 3
c0491 r37 2 3
c0013 r50 2 3
c0978 r34 2 3
c0866 r27 2 3
c0420 rB 2 3
c0196 rD 2 3
c0218 rF 2 3
c0112 rG 2 3
c0052 rA 2 3
c0985 rEr1 2 3
c1044 r52 2 3
c0098 rDS1 2 3
c0947 rN 2 3
c0036 r36 2 3
c0491 r37 3 0
c0898 r34 2 4
c0420 r52 1 4
c0498 r51 4 0
c0112 rDS1 1 4
c0223 rD 2 4
c0163 rF 2 4
c0181 rG 2 4
c0828 rA 2 4
c0864 r50 2 4
c0978 rDS2 2 4
c0060 rF 3 4
c0947 r34 3 0
c0035 r38 2 4
c0148 rB 3 0
c0214 rF 3 0
c0196 rG 3 0
c0116 rA 3 0
c0738 r52 3 3
c0177 rDS1 3 0
c0953 rDS2 0 0
c0828 rN 3 0
c0850 r27 3 0
c0869 r37 3 1
c0854 r38 2 2
c0035 r34 3 1
c0985 r27 3 1
c1148 r51 3 1
c0148 rB 3 1
c0198 rD 3 1
c0814 rF 3 1
c0210 rA 0 1
c0224 rA 3 1
c0457 r50 3 1
c0506 rN 2 0
c0179 rDS1 3 1
c0933 r25 1 1
c0814 r25 4 2
c0856 r36 3 1
c0869 r37 3 2
c0972 r27 3 2
c0978 rDS2 3 2
c0098 rB 3 2
c0196 rD 3 2
c0107 rF 3 2
c0510 r50 3 2
c0214 rF 4 2
c0854 r50 1 2
c0985 r52 3 2
c0465 rDS1 3 2
c0864 r52 3 1
c0985 r36 3 3
c0854 r38 3 1
c0856 r34 3 3
c0420 r51 3 3
c0148 rB 3 3
c0130 rD 3 3
c0456 rEr1 3 3
c0218 rG 3 3
c0214 rA 3 3
c0013 r50 1 3
c0527 r27 3 3
c0104 rDS1 3 3
c0501 r34 3 2
c0933 r37 3 4
c0738 r34 3 4
c0798 r51 3 2
c0210 rB 4 1
c0223 rD 3 4
c0969 r25 3 4
c1148 r51 3 4
c0901 rA 3 4
c0745 r52 3 0
c0972 r38 4 0
c0850 r27 0 0
c0116 rB 4 0
c0107 rDS1 1 0
c0798 rD 4 0
c0851 r25 3 0
c0163 rA 4 0
c0969 r50 4 0
c0953 rDS1 4 0
c0233 r38 2 0
c0441 rEr1 4 0
c0409 rEr1 2 4
c0773 r25 2 4
c0953 r36 4 1
c0972 r37 4 1
c0498 r34 1 1
c0057 r27 4 1
c1044 r51 4 1
c0107 rDS1 2 4
c0149 rF 4 1
c0052 rG 4 1
c0218 rA 4 1
c0851 r25 4 1
c0233 r34 4 1
c0978 rDS2 4 1
c0947 rEr1 4 1
c0884 r52 4 2
c0972 r27 4 2
c0947 r34 4 2
c0116 rB 2 4
c0486 r25 2 2
c1007 rG 4 2
c0670 r50 0 2
c0845 rDS1 3 4
c1044 rDS2 4 2
c0898 rN 4 2
c0953 rEr1 4 2
c0972 r25 4 3
c0856 r36 4 3
c0773 r34 4 3
c0441 rEr1 4 3
c0864 r50 4 3
c0150 rB 4 3
c0114 rDS1 0 2
c0271 rG 4 3
c0854 rA 4 2
c0869 rDS2 4 3
c0947 rN 4 3
c0055 rEr1 2 0
c0947 r36 4 4
c0953 rDS2 2 3
c0670 r38 4 4
c0969 r50 4 4
c0845 rEr1 4 4
c0198 rB 4 4
c0486 r51 4 4
c0117 rG 4 4
c0447 rDS2 4 4
c0985 r52 4 4
c0114 rDS1 4 4
c0884 rEr1 0 4
