c0001 rB 0 0
c0015 rC 0 0
c0062 rF 0 0
c0031 rG 0 0
c0065 rS 0 0
c0025 rB 0 1
c0015 rC 0 1
c0065 rE 0 1
c0069 rF 0 1
c0031 rG 0 1
c0066 rS 0 1
c0002 rB 0 2
c0024 rC 0 2
c0069 rE 0 2
c0062 rG 0 2
c0002 rB 0 3
c0025 rC 0 3
c0069 rE 0 3
c0063 rF 0 3
c0031 rG 0 3
c0059 rS 0 3
c0001 rB 0 4
c0017 rC 0 4
c0058 rE 0 4
c0065 rF 0 4
c0033 rG 0 4
c0066 rS 0 4
c0005 rB 0 5
c0068 rC 0 5
c0033 rE 0 5
c0025 rF 0 5
c0066 rG 0 5
c0001 rB 1 0
c0015 rC 1 0
c0067 rE 1 0
c0033 rF 1 0
c0065 rG 1 0
c0064 rS 1 0
c0025 rB 1 1
c0016 rC 1 1
c0069 rE 1 1
c0070 rG 1 1
c0064 rS 1 1
c0004 rB 1 2
c0024 rC 1 2
c0063 rE 1 2
c0057 rG 1 2
c0062 rS 1 2
c0016 rB 1 3
c0025 rC 1 3
c0064 rE 1 3
c0070 rF 1 3
c0068 rG 1 3
c0031 rS 1 3
c0004 rB 1 4
c0016 rC 1 4
c0061 rE 1 4
c0071 rF 1 4
c0068 rG 1 4
c0015 rB 1 5
c0024 rC 1 5
c0057 rE 1 5
c0072 rF 1 5
c0071 rG 1 5
c0001 rB 2 0
c0072 rC 2 0
c0064 rE 2 0
c0062 rS 2 0
c0004 rB 2 1
c0068 rC 2 1
c0059 rE 2 1
c0025 rF 2 1
c0061 rG 2 1
c0066 rS 2 1
c0015 rB 2 2
c0002 rC 2 2
c0070 rE 2 2
c0033 rG 2 2
c0059 rS 2 2
c0078 rB 2 3
c0071 rC 2 3
c0033 rE 2 3
c0059 rF 2 3
c0068 rG 2 3
c0071 rB 2 4
c0017 rC 2 4
c0070 rE 2 4
c0030 rF 2 4
c0058 rG 2 4
c0016 rB 2 5
c0002 rC 2 5
c0063 rE 2 5
c0070 rG 2 5
c0031 rS 2 5
c0014 rB 3 0
c0002 rC 3 0
c0078 rS 1 4
c0059 rF 3 0
c0058 rG 3 0
c0030 rS 3 0
c0001 rB 3 1
c0015 rC 3 1
c0033 rE 3 1
c0067 rF 3 1
c0072 rS 3 1
c0001 rB 3 2
c0016 rC 3 2
c0064 rE 3 2
c0067 rF 3 2
c0072 rG 3 2
c0005 rB 3 3
c0015 rC 3 3
c0071 rF 3 3
c0065 rG 3 3
c0061 rS 3 3
c0032 rB 3 4
c0078 rC 3 4
c0069 rE 3 4
c0072 rF 3 4
c0061 rG 3 4
c0057 rS 3 4
c0078 rB 3 5
c0016 rC 3 5
c0061 rE 3 5
c0068 rF 3 5
c0066 rG 3 5
c0059 rS 3 5
c0004 rB 4 0
c0063 rC 4 0
c0062 rF 4 0
c0057 rG 4 0
c0025 rS 4 0
c0072 rB 4 1
c0002 rC 4 1
c0078 rE 4 1
c0063 rG 4 1
c0030 rS 4 1
c0004 rB 4 2
c0024 rC 4 2
c0063 rE 4 2
c0067 rF 4 2
c0061 rS 4 2
c0005 rB 4 3
c0025 rC 4 3
c0067 rE 4 3
c0057 rF 4 3
c0071 rG 4 3
c0070 rS 4 3
c0004 rB 4 4
c0015 rC 4 4
c0065 rE 4 4
c0064 rF 4 4
c0058 rG 4 4
c0030 rS 4 4
c0004 rB 4 5
c0016 rC 4 5
c0069 rE 4 5
c0030 rF 4 5
c0066 rG 4 5
c0058 rS 4 5
