c0638 r36 0 0
c0295 r37 0 0
c0095 r38 0 0
c0310 r27 0 0
c0178 rB 0 0
c0336 rD 0 0
c0056 rE 0 0
c0103 rF 0 0
c0152 rG 0 0
c0297 rL 0 0
c0252 r50 0 0
c0074 r52 0 0
c0211 rDS2 0 0
c0088 r36 0 1
c0238 r37 0 1
c0069 r38 0 1
c0155 r31 0 1
c0009 r27 0 1
c0307 rE 0 1
c0095 rF 0 1
c0157 rG 0 1
c0386 rA 0 1
c0074 rL 0 1
c0206 r50 0 1
c0219 r52 0 1
c0336 rDS1 0 1
c0346 rDS2 0 1
c0058 r36 0 2
c0322 r37 0 2
c0155 r27 0 2
c0088 rB 0 2
c0015 rD 0 2
c0386 rE 0 2
c0346 rA 0 2
c0076 r50 0 2
c0009 r52 0 2
c0467 rDS1 0 2
c0111 rDS2 0 2
c0066 r36 0 3
c0322 r37 0 3
c0470 r38 0 3
c0298 r31 0 3
c0195 r27 0 3
c0088 rB 0 3
c0074 rE 0 3
c0230 rF 0 3
c0638 rA 0 3
c0115 rL 0 3
c0304 r50 0 3
c0110 r52 0 3
c0129 rDS2 0 3
c0201 r36 0 4
c0295 r37 0 4
c0297 r38 0 4
c0633 r31 0 4
c0313 r27 0 4
c0336 rB 0 4
c0129 rD 0 4
c0115 rE 0 4
c0314 rF 0 4
c0366 rA 0 4
c0007 r52 0 4
c0552 rDS1 0 4
c0217 rDS2 0 4
c0156 r36 1 0
c0337 r37 1 0
c0113 r38 1 0
c0266 r31 1 0
c0095 r27 1 0
c0602 rD 1 0
c0019 rE 1 0
c0633 rF 1 0
c0638 rG 1 0
c0178 rA 1 0
c0219 rL 1 0
c0056 r50 1 0
c0238 r52 1 0
c0323 rDS1 1 0
c0297 rDS2 1 0
c0366 r36 1 1
c0633 r37 1 1
c0157 r38 1 1
c0327 r31 1 1
c0110 r27 1 1
c0201 rB 1 1
c0155 rD 1 1
c0206 rE 1 1
c0023 rF 1 1
c0044 rG 1 1
c0019 rA 1 1
c0119 rL 1 1
c0266 r50 1 1
c0108 r52 1 1
c0238 rDS1 1 1
c0337 rDS2 1 1
c0020 r36 1 2
c0388 r37 1 2
c0470 r38 1 2
c0279 r31 1 2
c0322 rB 1 2
c0252 rD 1 2
c0131 rE 1 2
c0315 rG 1 2
c0080 rA 1 2
c0302 rL 1 2
c0066 r50 1 2
c0559 r52 1 2
c0304 rDS2 1 2
c0054 r36 1 3
c0020 r38 1 3
c0316 r31 1 3
c0315 r27 1 3
c0115 rE 1 3
c0110 rF 1 3
c0219 rA 1 3
c0552 rL 1 3
c0602 r50 1 3
c0633 r52 1 3
c0327 rDS1 1 3
c0152 rDS2 1 3
c0323 r37 1 4
c0391 r38 1 4
c0314 r31 1 4
c0297 r27 1 4
c0054 rB 1 4
c0023 rD 1 4
c0322 rE 1 4
c0633 rF 1 4
c0602 rG 1 4
c0295 rA 1 4
c0131 rL 1 4
c0388 r50 1 4
c0368 r52 1 4
c0313 rDS1 1 4
c0480 r36 2 0
c0552 r37 2 0
c0108 r38 2 0
c0213 r31 2 0
c0193 r27 2 0
c0044 rB 2 0
c0288 rD 2 0
c0152 rE 2 0
c0311 rF 2 0
c0080 rG 2 0
c0266 rL 2 0
c0368 r50 2 0
c0322 r52 2 0
c0326 rDS1 2 0
c0076 r36 2 1
c0295 r37 2 1
c0298 r38 2 1
c0044 r31 2 1
c0206 r27 2 1
c0302 rB 2 1
c0559 rE 2 1
c0213 rF 2 1
c0127 rG 2 1
c0155 rA 2 1
c0366 rL 2 1
c0186 r52 2 1
c0252 rDS1 2 1
c0304 rDS2 2 1
c0307 r36 2 2
c0195 r37 2 2
c0295 r38 2 2
c0298 r31 2 2
c0455 r27 2 2
c0323 rB 2 2
c0058 rF 2 2
c0119 rG 2 2
c0009 rA 2 2
c0337 rL 2 2
c0186 r50 2 2
c0131 r52 2 2
c0366 rDS2 2 2
c0015 r36 2 3
c0217 r38 2 3
c0366 r31 2 3
c0288 rB 2 3
c0467 rD 2 3
c0157 rE 2 3
c0111 rF 2 3
c0156 rA 2 3
c0061 rL 2 3
c0054 r50 2 3
c0470 rDS1 2 3
c0058 r37 2 4
c0480 r38 2 4
c0346 r31 2 4
c0310 r27 2 4
c0379 rB 2 4
c0156 rE 2 4
c0157 rF 2 4
c0288 rL 2 4
c0111 r50 2 4
c0559 r52 2 4
c0326 rDS1 2 4
c0230 rDS2 2 4
c0213 r36 3 0
c0069 r37 3 0
c0326 r38 3 0
c0155 r31 3 0
c0307 r27 3 0
c0386 rB 3 0
c0178 rD 3 0
c0298 rE 3 0
c0108 rF 3 0
c0315 rL 3 0
c0302 r50 3 0
c0346 r52 3 0
c0103 rDS1 3 0
c0480 rDS2 3 0
c0327 r36 3 1
c0455 r37 3 1
c0638 r38 3 1
c0313 r31 3 1
c0056 r27 3 1
c0157 rD 3 1
c0211 rE 3 1
c0391 rF 3 1
c0119 rG 3 1
c0127 rL 3 1
c0297 r52 3 1
c0156 rDS1 3 1
c0019 rDS2 3 1
c0307 r31 3 2
c0311 r27 3 2
c0076 rD 3 2
c0193 rE 3 2
c0129 rL 3 2
c0316 r52 3 2
c0080 rDS1 3 2
c0368 rDS2 3 2
c0156 r36 3 3
c0186 r37 3 3
c0230 r31 3 3
c0298 r27 3 3
c0346 rF 3 3
c0054 rA 3 3
c0304 rL 3 3
c0113 r50 3 3
c0155 r52 3 3
c0088 rDS2 3 3
c0113 r38 3 4
c0015 r31 3 4
c0054 r27 3 4
c0157 rB 3 4
c0156 rD 3 4
c0311 rE 3 4
c0061 rG 3 4
c0316 rA 3 4
c0201 r50 3 4
c0314 rDS1 3 4
c0193 rDS2 3 4
c0127 r36 4 0
c0156 r37 4 0
c0023 r38 4 0
c0069 rB 4 0
c0388 rG 4 0
c0211 rA 4 0
c0279 rL 4 0
c0307 rDS1 4 0
c0061 rDS2 4 0
c0379 r36 4 1
c0455 r38 4 1
c0103 r31 4 1
c0066 rD 4 1
c0388 rE 4 1
c0304 rA 4 1
c0217 rL 4 1
c0020 r52 4 1
c0007 rDS1 4 1
c0195 r36 4 2
c0279 r31 4 2
c0155 rA 4 2
c0157 r52 4 2
c0007 rDS1 4 2
c0088 rDS2 4 2
c0391 r37 4 3
c0310 r31 4 3
c0467 rB 4 3
c0379 rD 4 3
c0388 r50 4 3
